<?xml version="1.0" encoding="utf-8"?>
<TestRun id="7374ea86-f5f3-4828-902b-43c2df0f453b" name="fEst@DESKTOP-AUNE590 2026-07-26 23:39:33" runUser="DESKTOP-AUNE590\fEst" xmlns="http://microsoft.com/schemas/VisualStudio/TeamTest/2010">
  <Times creation="2026-07-26T23:39:33.2892370+05:00" queuing="2026-07-26T23:39:33.2892371+05:00" start="2026-07-26T23:39:32.6314927+05:00" finish="2026-07-26T23:39:38.6925023+05:00" />
  <TestSettings name="default" id="b4abe285-1d5c-46db-aa66-63a98fc0ec3e">
    <Deployment runDeploymentRoot="fEst_DESKTOP-AUNE590_2026-07-26_23_39_33" />
  </TestSettings>
  <Results>
    <UnitTestResult executionId="6d50d66f-5e98-42a1-9c93-8ba3e1672177" testId="d3e42405-b41d-a9b6-d0e0-72903fc11501" testName="Arlecchino.Tests.TreeTests.ExpandAllAndCollapseAllReachEveryLevel" computerName="DESKTOP-AUNE590" duration="00:00:00.0001053" startTime="2026-07-26T23:39:35.1458200+05:00" endTime="2026-07-26T23:39:35.1459006+05:00" testType="13cdc9d9-ddb5-4fa4-a97d-d965ccfc6d4b" outcome="Passed" testListId="8c84fa94-04c1-424b-9868-57a2d4851a1d" relativeResultsDirectory="6d50d66f-5e98-42a1-9c93-8ba3e1672177" />
    <UnitTestResult executionId="24b8ea85-4f88-4105-9430-4aea91d48d72" testId="a391c9b8-4759-2346-ed16-cd92129521bd" testName="Arlecchino.Tests.RenderingTests.FrameIsSentAsASingleWrite" computerName="DESKTOP-AUNE590" duration="00:00:00.0000791" startTime="2026-07-26T23:39:35.0292378+05:00" endTime="2026-07-26T23:39:35.0293107+05:00" testType="13cdc9d9-ddb5-4fa4-a97d-d965ccfc6d4b" outcome="Passed" testListId="8c84fa94-04c1-424b-9868-57a2d4851a1d" relativeResultsDirectory="24b8ea85-4f88-4105-9430-4aea91d48d72" />
    <UnitTestResult executionId="8b79d2b3-3c0f-482c-90da-fdab4e158857" testId="aba6e82e-1ad3-011e-d5fb-261b1abf7617" testName="Arlecchino.Tests.TextAreaModalTests.EveryLineIsDrawnWithTheCaretOnTheCurrentOne" computerName="DESKTOP-AUNE590" duration="00:00:00.0004406" startTime="2026-07-26T23:39:33.2722023+05:00" endTime="2026-07-26T23:39:33.2725054+05:00" testType="13cdc9d9-ddb5-4fa4-a97d-d965ccfc6d4b" outcome="Passed" testListId="8c84fa94-04c1-424b-9868-57a2d4851a1d" relativeResultsDirectory="8b79d2b3-3c0f-482c-90da-fdab4e158857" />
    <UnitTestResult executionId="4d20e18d-bb93-4fe6-93ce-0322f86b99b7" testId="b17859e5-93c9-34a0-46b4-586fafa91956" testName="Arlecchino.Tests.FilePickerPlacesTests.APlaceWithoutAnIconGetsTheDefaultOne" computerName="DESKTOP-AUNE590" duration="00:00:00.0028568" startTime="2026-07-26T23:39:34.8041383+05:00" endTime="2026-07-26T23:39:34.8071545+05:00" testType="13cdc9d9-ddb5-4fa4-a97d-d965ccfc6d4b" outcome="Passed" testListId="8c84fa94-04c1-424b-9868-57a2d4851a1d" relativeResultsDirectory="4d20e18d-bb93-4fe6-93ce-0322f86b99b7" />
    <UnitTestResult executionId="99ef431e-fd38-40f9-9b0e-209cba1e48f9" testId="9f14ddc2-f91e-ac68-5abb-348d73d427ae" testName="Arlecchino.Tests.HelpViewTests.WithoutCommandsTheSectionSaysSo" computerName="DESKTOP-AUNE590" duration="00:00:00.0011962" startTime="2026-07-26T23:39:34.9962372+05:00" endTime="2026-07-26T23:39:34.9974722+05:00" testType="13cdc9d9-ddb5-4fa4-a97d-d965ccfc6d4b" outcome="Passed" testListId="8c84fa94-04c1-424b-9868-57a2d4851a1d" relativeResultsDirectory="99ef431e-fd38-40f9-9b0e-209cba1e48f9" />
    <UnitTestResult executionId="d5432331-8921-4be0-8e5c-d6bf74cd5376" testId="758c1ee4-10e0-2fa7-91a6-9180b98d2800" testName="Arlecchino.Tests.LeakTests.WorkTiedToAScreenStopsWhenTheScreenDoes" computerName="DESKTOP-AUNE590" duration="00:00:00.0015467" startTime="2026-07-26T23:39:34.7970549+05:00" endTime="2026-07-26T23:39:34.7985986+05:00" testType="13cdc9d9-ddb5-4fa4-a97d-d965ccfc6d4b" outcome="Passed" testListId="8c84fa94-04c1-424b-9868-57a2d4851a1d" relativeResultsDirectory="d5432331-8921-4be0-8e5c-d6bf74cd5376" />
    <UnitTestResult executionId="dff5c27a-e0d2-4550-8933-c430174204ed" testId="571bdb9d-6933-8475-e9e1-53883eb83e18" testName="Arlecchino.Tests.ModalMouseTests.ClickingAMultiChoiceRowMarksIt" computerName="DESKTOP-AUNE590" duration="00:00:00.0010477" startTime="2026-07-26T23:39:33.3231064+05:00" endTime="2026-07-26T23:39:33.3237672+05:00" testType="13cdc9d9-ddb5-4fa4-a97d-d965ccfc6d4b" outcome="Passed" testListId="8c84fa94-04c1-424b-9868-57a2d4851a1d" relativeResultsDirectory="dff5c27a-e0d2-4550-8933-c430174204ed" />
    <UnitTestResult executionId="e28244ba-119d-4fa1-934c-ce028c7af4c7" testId="7e364319-0bea-41d1-704b-954680a04b0a" testName="Arlecchino.Tests.TextModalTests.TheCaretStepsOverAnEmojiInOneMove" computerName="DESKTOP-AUNE590" duration="00:00:00.0003739" startTime="2026-07-26T23:39:38.5991303+05:00" endTime="2026-07-26T23:39:38.5993375+05:00" testType="13cdc9d9-ddb5-4fa4-a97d-d965ccfc6d4b" outcome="Passed" testListId="8c84fa94-04c1-424b-9868-57a2d4851a1d" relativeResultsDirectory="e28244ba-119d-4fa1-934c-ce028c7af4c7" />
    <UnitTestResult executionId="60c08d59-869f-45ff-a170-c7645ceb6883" testId="1aa23788-0ebe-5859-4a96-c861810a20f6" testName="Arlecchino.Tests.TextModalTests.AffixesAreDrawnAroundTheField" computerName="DESKTOP-AUNE590" duration="00:00:00.0004125" startTime="2026-07-26T23:39:38.5958727+05:00" endTime="2026-07-26T23:39:38.5962325+05:00" testType="13cdc9d9-ddb5-4fa4-a97d-d965ccfc6d4b" outcome="Passed" testListId="8c84fa94-04c1-424b-9868-57a2d4851a1d" relativeResultsDirectory="60c08d59-869f-45ff-a170-c7645ceb6883" />
    <UnitTestResult executionId="c3524584-061b-42c5-818a-61de70a75200" testId="0afb4880-ea4d-487b-96b1-8965aca017c6" testName="Arlecchino.Tests.TextViewTests.ScrollingShowsTheRestOfTheText" computerName="DESKTOP-AUNE590" duration="00:00:00.0001700" startTime="2026-07-26T23:39:33.3633018+05:00" endTime="2026-07-26T23:39:33.3633226+05:00" testType="13cdc9d9-ddb5-4fa4-a97d-d965ccfc6d4b" outcome="Passed" testListId="8c84fa94-04c1-424b-9868-57a2d4851a1d" relativeResultsDirectory="c3524584-061b-42c5-818a-61de70a75200" />
    <UnitTestResult executionId="0781aadb-911a-4390-8328-0a765f1aea3d" testId="bd2843b0-08d0-d418-ad9f-2be721756337" testName="Arlecchino.Tests.PasteTests.PastingIntoAChoiceModalExtendsTheFilter" computerName="DESKTOP-AUNE590" duration="00:00:00.0002352" startTime="2026-07-26T23:39:35.1630946+05:00" endTime="2026-07-26T23:39:35.1632894+05:00" testType="13cdc9d9-ddb5-4fa4-a97d-d965ccfc6d4b" outcome="Passed" testListId="8c84fa94-04c1-424b-9868-57a2d4851a1d" relativeResultsDirectory="0781aadb-911a-4390-8328-0a765f1aea3d" />
    <UnitTestResult executionId="600ca358-404f-435c-8c55-93c908aa0648" testId="d1ebb2cb-42f5-7815-f9b7-d302b2256952" testName="Arlecchino.Tests.FocusTests.TabAndShiftTabWrapAround" computerName="DESKTOP-AUNE590" duration="00:00:00.0000851" startTime="2026-07-26T23:39:34.8829613+05:00" endTime="2026-07-26T23:39:34.8829943+05:00" testType="13cdc9d9-ddb5-4fa4-a97d-d965ccfc6d4b" outcome="Passed" testListId="8c84fa94-04c1-424b-9868-57a2d4851a1d" relativeResultsDirectory="600ca358-404f-435c-8c55-93c908aa0648" />
    <UnitTestResult executionId="25542709-e09b-4268-a696-2b5da276afb5" testId="7937cf97-7aa3-1b41-889b-6815c83fe7af" testName="Arlecchino.Tests.ModalStackTests.AssigningAModalReplacesTheWholeStack" computerName="DESKTOP-AUNE590" duration="00:00:00.0001912" startTime="2026-07-26T23:39:33.3572840+05:00" endTime="2026-07-26T23:39:33.3574759+05:00" testType="13cdc9d9-ddb5-4fa4-a97d-d965ccfc6d4b" outcome="Passed" testListId="8c84fa94-04c1-424b-9868-57a2d4851a1d" relativeResultsDirectory="25542709-e09b-4268-a696-2b5da276afb5" />
    <UnitTestResult executionId="a83c6b0d-b6d0-4096-a21b-b4c58dc46c6c" testId="04f011ef-43d6-76b8-f526-a3e05f004054" testName="Arlecchino.Tests.MessageModalTests.ConfirmAndCancelBothCloseIt" computerName="DESKTOP-AUNE590" duration="00:00:00.0003674" startTime="2026-07-26T23:39:33.3408318+05:00" endTime="2026-07-26T23:39:33.3411521+05:00" testType="13cdc9d9-ddb5-4fa4-a97d-d965ccfc6d4b" outcome="Passed" testListId="8c84fa94-04c1-424b-9868-57a2d4851a1d" relativeResultsDirectory="a83c6b0d-b6d0-4096-a21b-b4c58dc46c6c" />
    <UnitTestResult executionId="acd7db6f-6889-4be8-8e10-02130d374f10" testId="8c8b3dcf-b01c-4807-4748-096d0890dd9c" testName="Arlecchino.Tests.ChoiceModalTests.ArrowsMoveAndEnterPicks" computerName="DESKTOP-AUNE590" duration="00:00:00.0002636" startTime="2026-07-26T23:39:33.2824660+05:00" endTime="2026-07-26T23:39:33.2826848+05:00" testType="13cdc9d9-ddb5-4fa4-a97d-d965ccfc6d4b" outcome="Passed" testListId="8c84fa94-04c1-424b-9868-57a2d4851a1d" relativeResultsDirectory="acd7db6f-6889-4be8-8e10-02130d374f10" />
    <UnitTestResult executionId="21ff190c-8138-4cd5-bc2f-2c4deb9fe32e" testId="19ab65ed-bae9-3998-1e06-b6539e277b54" testName="Arlecchino.Tests.NavigationFailureTests.AScreenThatCannotBeBuiltLeavesTheApplicationWhereItWas" computerName="DESKTOP-AUNE590" duration="00:00:00.0003595" startTime="2026-07-26T23:39:35.1480398+05:00" endTime="2026-07-26T23:39:35.1482012+05:00" testType="13cdc9d9-ddb5-4fa4-a97d-d965ccfc6d4b" outcome="Passed" testListId="8c84fa94-04c1-424b-9868-57a2d4851a1d" relativeResultsDirectory="21ff190c-8138-4cd5-bc2f-2c4deb9fe32e" />
    <UnitTestResult executionId="9a12094a-c6cf-46e2-80fb-83fe82c20768" testId="5ea867a8-4662-3685-9170-ce45ae1a42ef" testName="Arlecchino.Tests.DiffRenderingTests.ResizeFallsBackToAWholeFrame" computerName="DESKTOP-AUNE590" duration="00:00:00.0000492" startTime="2026-07-26T23:39:34.9729553+05:00" endTime="2026-07-26T23:39:34.9729915+05:00" testType="13cdc9d9-ddb5-4fa4-a97d-d965ccfc6d4b" outcome="Passed" testListId="8c84fa94-04c1-424b-9868-57a2d4851a1d" relativeResultsDirectory="9a12094a-c6cf-46e2-80fb-83fe82c20768" />
    <UnitTestResult executionId="d344aa9f-f2df-4a65-ab96-7e74471beb0d" testId="7171b5c0-294c-1464-bad5-7a9729fb8c10" testName="Arlecchino.Tests.TextAreaModalTests.SubmitConfirmsTheWholeText" computerName="DESKTOP-AUNE590" duration="00:00:00.0002777" startTime="2026-07-26T23:39:33.2742050+05:00" endTime="2026-07-26T23:39:33.2744914+05:00" testType="13cdc9d9-ddb5-4fa4-a97d-d965ccfc6d4b" outcome="Passed" testListId="8c84fa94-04c1-424b-9868-57a2d4851a1d" relativeResultsDirectory="d344aa9f-f2df-4a65-ab96-7e74471beb0d" />
    <UnitTestResult executionId="fe1d0ae5-68e7-4f8b-b00c-83f74ac05f89" testId="ea7c3cac-268f-ef9e-e226-008132941d16" testName="Arlecchino.Tests.HelpViewTests.AScreenWithoutCommandsGetsNoSectionOfItsOwn" computerName="DESKTOP-AUNE590" duration="00:00:00.0011829" startTime="2026-07-26T23:39:34.9923544+05:00" endTime="2026-07-26T23:39:34.9934200+05:00" testType="13cdc9d9-ddb5-4fa4-a97d-d965ccfc6d4b" outcome="Passed" testListId="8c84fa94-04c1-424b-9868-57a2d4851a1d" relativeResultsDirectory="fe1d0ae5-68e7-4f8b-b00c-83f74ac05f89" />
    <UnitTestResult executionId="921c3ec8-a395-4801-8be4-f93b427b73c2" testId="f76a4bcd-0692-bd72-3d6f-e34578064878" testName="Arlecchino.Tests.ResizeTests.AListWiderThanTheWindowIsCutRatherThanWrapped" computerName="DESKTOP-AUNE590" duration="00:00:00.0006135" startTime="2026-07-26T23:39:38.6106590+05:00" endTime="2026-07-26T23:39:38.6112777+05:00" testType="13cdc9d9-ddb5-4fa4-a97d-d965ccfc6d4b" outcome="Passed" testListId="8c84fa94-04c1-424b-9868-57a2d4851a1d" relativeResultsDirectory="921c3ec8-a395-4801-8be4-f93b427b73c2" />
    <UnitTestResult executionId="85b1e24e-111f-4c3f-a750-8ad6c6574952" testId="c76c2205-9314-8368-61b4-4da0bc5b45bf" testName="Arlecchino.Tests.WidgetTests.ScrollWindowKeepsTheSelectionVisible" computerName="DESKTOP-AUNE590" duration="00:00:00.0011734" startTime="2026-07-26T23:39:34.9849176+05:00" endTime="2026-07-26T23:39:34.9859780+05:00" testType="13cdc9d9-ddb5-4fa4-a97d-d965ccfc6d4b" outcome="Passed" testListId="8c84fa94-04c1-424b-9868-57a2d4851a1d" relativeResultsDirectory="85b1e24e-111f-4c3f-a750-8ad6c6574952" />
    <UnitTestResult executionId="425212fa-a6be-4b48-9cc4-ba99a3ab976e" testId="2ddd9210-4751-9301-fd1d-20690d7fdcb3" testName="Arlecchino.Tests.ValueModalTests.ToggleSwitchesAndSubmits" computerName="DESKTOP-AUNE590" duration="00:00:00.0002193" startTime="2026-07-26T23:39:34.8253828+05:00" endTime="2026-07-26T23:39:34.8255637+05:00" testType="13cdc9d9-ddb5-4fa4-a97d-d965ccfc6d4b" outcome="Passed" testListId="8c84fa94-04c1-424b-9868-57a2d4851a1d" relativeResultsDirectory="425212fa-a6be-4b48-9cc4-ba99a3ab976e" />
    <UnitTestResult executionId="63a2e78c-399a-4b22-8219-4572c8b43ed5" testId="6df4b08e-0231-a1e8-ef53-54f3560eff14" testName="Arlecchino.Tests.RegionTests.AlignmentIsMeasuredInsideTheRegion" computerName="DESKTOP-AUNE590" duration="00:00:00.0000542" startTime="2026-07-26T23:39:34.7968552+05:00" endTime="2026-07-26T23:39:34.7968703+05:00" testType="13cdc9d9-ddb5-4fa4-a97d-d965ccfc6d4b" outcome="Passed" testListId="8c84fa94-04c1-424b-9868-57a2d4851a1d" relativeResultsDirectory="63a2e78c-399a-4b22-8219-4572c8b43ed5" />
    <UnitTestResult executionId="1bca08d1-6671-401e-8908-bdd0b244997b" testId="63290a47-c5d8-3784-004f-e353ad7d2b89" testName="Arlecchino.Tests.FieldTests.ClearingAMultiChoiceLeavesNothingTicked" computerName="DESKTOP-AUNE590" duration="00:00:00.0001848" startTime="2026-07-26T23:39:33.3541866+05:00" endTime="2026-07-26T23:39:33.3543062+05:00" testType="13cdc9d9-ddb5-4fa4-a97d-d965ccfc6d4b" outcome="Passed" testListId="8c84fa94-04c1-424b-9868-57a2d4851a1d" relativeResultsDirectory="1bca08d1-6671-401e-8908-bdd0b244997b" />
    <UnitTestResult executionId="6d8789a6-9671-44de-9cbd-67a188c0bc89" testId="bce96fe8-0cf0-a3e9-8241-8ce752323392" testName="Arlecchino.Tests.TextWidthTests.OverwritingHalfOfAWideCharacterLeavesNoDebris" computerName="DESKTOP-AUNE590" duration="00:00:00.0000818" startTime="2026-07-26T23:39:35.1435249+05:00" endTime="2026-07-26T23:39:35.1435448+05:00" testType="13cdc9d9-ddb5-4fa4-a97d-d965ccfc6d4b" outcome="Passed" testListId="8c84fa94-04c1-424b-9868-57a2d4851a1d" relativeResultsDirectory="6d8789a6-9671-44de-9cbd-67a188c0bc89" />
    <UnitTestResult executionId="5c32a341-27f6-42d5-86ba-997ea2ffb880" testId="9a681bfd-b0f5-b3f1-dd36-713d63a44d27" testName="Arlecchino.Tests.LogOverlayTests.ScrollingBackShowsOlderLinesAndEndReturnsToTheNewest" computerName="DESKTOP-AUNE590" duration="00:00:00.0017153" startTime="2026-07-26T23:39:35.0172151+05:00" endTime="2026-07-26T23:39:35.0189044+05:00" testType="13cdc9d9-ddb5-4fa4-a97d-d965ccfc6d4b" outcome="Passed" testListId="8c84fa94-04c1-424b-9868-57a2d4851a1d" relativeResultsDirectory="5c32a341-27f6-42d5-86ba-997ea2ffb880" />
    <UnitTestResult executionId="341934f7-cfd0-413e-b9cf-5d79eccf2bd4" testId="f1b52a89-1a4f-7293-92d9-cd911cac2252" testName="Arlecchino.Tests.ColorModalTests.VerticalArrowsPickTheChannel" computerName="DESKTOP-AUNE590" duration="00:00:00.0002653" startTime="2026-07-26T23:39:33.3619177+05:00" endTime="2026-07-26T23:39:33.3621803+05:00" testType="13cdc9d9-ddb5-4fa4-a97d-d965ccfc6d4b" outcome="Passed" testListId="8c84fa94-04c1-424b-9868-57a2d4851a1d" relativeResultsDirectory="341934f7-cfd0-413e-b9cf-5d79eccf2bd4" />
    <UnitTestResult executionId="ad19d49d-7103-4179-a406-0bf4b332d628" testId="31d67fc1-68b8-172b-a2d1-5f9ff8e3f3c3" testName="Arlecchino.Tests.EmptyAndZeroInputTests.WrapWithNegativeWidth" computerName="DESKTOP-AUNE590" duration="00:00:00.0000254" startTime="2026-07-26T23:39:33.2886510+05:00" endTime="2026-07-26T23:39:33.2886757+05:00" testType="13cdc9d9-ddb5-4fa4-a97d-d965ccfc6d4b" outcome="Passed" testListId="8c84fa94-04c1-424b-9868-57a2d4851a1d" relativeResultsDirectory="ad19d49d-7103-4179-a406-0bf4b332d628" />
    <UnitTestResult executionId="cab622e6-57bb-459c-b159-d6adb4bcadea" testId="7e1632b8-a7e0-75e9-1c71-e1cab150293a" testName="Arlecchino.Tests.ModalMouseTests.ClickingAnOptionSelectsItAndTheSecondClickPicks" computerName="DESKTOP-AUNE590" duration="00:00:00.0012688" startTime="2026-07-26T23:39:33.3158188+05:00" endTime="2026-07-26T23:39:33.3170894+05:00" testType="13cdc9d9-ddb5-4fa4-a97d-d965ccfc6d4b" outcome="Passed" testListId="8c84fa94-04c1-424b-9868-57a2d4851a1d" relativeResultsDirectory="cab622e6-57bb-459c-b159-d6adb4bcadea" />
    <UnitTestResult executionId="1e80a095-0f09-4b99-ba27-ce496c869c5c" testId="c17791a4-ee3b-46fa-3876-096d1c4166c4" testName="Arlecchino.Tests.MessageModalTests.LongTextWrapsInsteadOfRunningOffTheBox" computerName="DESKTOP-AUNE590" duration="00:00:00.0010210" startTime="2026-07-26T23:39:33.3412248+05:00" endTime="2026-07-26T23:39:33.3421819+05:00" testType="13cdc9d9-ddb5-4fa4-a97d-d965ccfc6d4b" outcome="Passed" testListId="8c84fa94-04c1-424b-9868-57a2d4851a1d" relativeResultsDirectory="1e80a095-0f09-4b99-ba27-ce496c869c5c" />
    <UnitTestResult executionId="ccbd566b-8c8a-4db5-a252-a6c2d8d6c131" testId="2784b9f2-8a11-345f-cfbc-458876b75a3d" testName="Arlecchino.Tests.StateHistoryTests.WritingAfterUndoDropsTheRedoBranch" computerName="DESKTOP-AUNE590" duration="00:00:00.0000498" startTime="2026-07-26T23:39:35.1657698+05:00" endTime="2026-07-26T23:39:35.1658074+05:00" testType="13cdc9d9-ddb5-4fa4-a97d-d965ccfc6d4b" outcome="Passed" testListId="8c84fa94-04c1-424b-9868-57a2d4851a1d" relativeResultsDirectory="ccbd566b-8c8a-4db5-a252-a6c2d8d6c131" />
    <UnitTestResult executionId="cc13b4ea-14ea-4ca8-be5f-91d4bbfcae54" testId="f83675c1-1ac4-d91a-3e1a-c8a56e7ba37e" testName="Arlecchino.Tests.TextViewTests.AWordWiderThanThePaneIsBrokenRatherThanLost" computerName="DESKTOP-AUNE590" duration="00:00:00.0000656" startTime="2026-07-26T23:39:33.3633657+05:00" endTime="2026-07-26T23:39:33.3633861+05:00" testType="13cdc9d9-ddb5-4fa4-a97d-d965ccfc6d4b" outcome="Passed" testListId="8c84fa94-04c1-424b-9868-57a2d4851a1d" relativeResultsDirectory="cc13b4ea-14ea-4ca8-be5f-91d4bbfcae54" />
    <UnitTestResult executionId="c1b4be1c-ffbe-494f-b0cb-5cf98d6791e8" testId="1a41f479-e5b4-0903-c19e-ba8ec7dd176b" testName="Arlecchino.Tests.GeneratorTests.AStoreNestedInAnotherTypeIsNamedThroughIt" computerName="DESKTOP-AUNE590" duration="00:00:00.0359096" startTime="2026-07-26T23:39:34.4692888+05:00" endTime="2026-07-26T23:39:34.5050321+05:00" testType="13cdc9d9-ddb5-4fa4-a97d-d965ccfc6d4b" outcome="Passed" testListId="8c84fa94-04c1-424b-9868-57a2d4851a1d" relativeResultsDirectory="c1b4be1c-ffbe-494f-b0cb-5cf98d6791e8" />
    <UnitTestResult executionId="b51eba78-e4eb-4234-b2e2-8dcfae6fb551" testId="f2824826-1da0-b2e4-0a22-d7c8f100e6fc" testName="Arlecchino.Tests.TreeTests.ClickingTheMarkerTogglesWithoutActivating" computerName="DESKTOP-AUNE590" duration="00:00:00.0003316" startTime="2026-07-26T23:39:35.1452775+05:00" endTime="2026-07-26T23:39:35.1455253+05:00" testType="13cdc9d9-ddb5-4fa4-a97d-d965ccfc6d4b" outcome="Passed" testListId="8c84fa94-04c1-424b-9868-57a2d4851a1d" relativeResultsDirectory="b51eba78-e4eb-4234-b2e2-8dcfae6fb551" />
    <UnitTestResult executionId="06f8612b-30eb-46d7-9d7e-4bf9845a1799" testId="d3e9cc78-93c7-df38-1a67-79f42b87ff58" testName="Arlecchino.Tests.FilePickerPlacesTests.EveryPlaceIsListed" computerName="DESKTOP-AUNE590" duration="00:00:00.0017407" startTime="2026-07-26T23:39:34.8093268+05:00" endTime="2026-07-26T23:39:34.8109437+05:00" testType="13cdc9d9-ddb5-4fa4-a97d-d965ccfc6d4b" outcome="Passed" testListId="8c84fa94-04c1-424b-9868-57a2d4851a1d" relativeResultsDirectory="06f8612b-30eb-46d7-9d7e-4bf9845a1799" />
    <UnitTestResult executionId="17821ccd-bf24-40fc-8729-71a5c133610b" testId="ed11d3db-93bc-8869-4f27-7d06b777584d" testName="Arlecchino.Tests.TerminalCapabilityTests.TrueColorIsDetectedFromColorTermAndWindowsTerminal" computerName="DESKTOP-AUNE590" duration="00:00:00.0000632" startTime="2026-07-26T23:39:35.1607499+05:00" endTime="2026-07-26T23:39:35.1607689+05:00" testType="13cdc9d9-ddb5-4fa4-a97d-d965ccfc6d4b" outcome="Passed" testListId="8c84fa94-04c1-424b-9868-57a2d4851a1d" relativeResultsDirectory="17821ccd-bf24-40fc-8729-71a5c133610b" />
    <UnitTestResult executionId="85ab8ea5-39e5-48f2-8b5d-f3a375c1a860" testId="7ffe7004-995e-ebb2-b6e9-a5f2cd7cea0c" testName="Arlecchino.Tests.TreeTests.RightArrowOnAnExpandedNodeMovesIntoIt" computerName="DESKTOP-AUNE590" duration="00:00:00.0004421" startTime="2026-07-26T23:39:35.1441480+05:00" endTime="2026-07-26T23:39:35.1446150+05:00" testType="13cdc9d9-ddb5-4fa4-a97d-d965ccfc6d4b" outcome="Passed" testListId="8c84fa94-04c1-424b-9868-57a2d4851a1d" relativeResultsDirectory="85ab8ea5-39e5-48f2-8b5d-f3a375c1a860" />
    <UnitTestResult executionId="432f1c7c-9120-492e-87b6-44c5dde4e2d8" testId="e21ecfd7-d6b6-b0c4-e442-b679af52b720" testName="Arlecchino.Tests.FieldTests.AColourIsShownAsItsHexAndWritten" computerName="DESKTOP-AUNE590" duration="00:00:00.0019773" startTime="2026-07-26T23:39:33.3482295+05:00" endTime="2026-07-26T23:39:33.3501645+05:00" testType="13cdc9d9-ddb5-4fa4-a97d-d965ccfc6d4b" outcome="Passed" testListId="8c84fa94-04c1-424b-9868-57a2d4851a1d" relativeResultsDirectory="432f1c7c-9120-492e-87b6-44c5dde4e2d8" />
    <UnitTestResult executionId="8320b5d3-480c-47e6-950f-62b4973cc045" testId="f7bb8e5d-c1e0-0f08-81c1-0755834da3c3" testName="Arlecchino.Tests.ValueModalTests.UnparsableNumberIsReported" computerName="DESKTOP-AUNE590" duration="00:00:00.0004873" startTime="2026-07-26T23:39:34.8256228+05:00" endTime="2026-07-26T23:39:34.8260757+05:00" testType="13cdc9d9-ddb5-4fa4-a97d-d965ccfc6d4b" outcome="Passed" testListId="8c84fa94-04c1-424b-9868-57a2d4851a1d" relativeResultsDirectory="8320b5d3-480c-47e6-950f-62b4973cc045" />
    <UnitTestResult executionId="40fe7cdd-1fab-494b-8601-284fcb8ad223" testId="530246cb-7e0e-82f6-7d52-1fa2f0112550" testName="Arlecchino.Tests.WindowsInputTranslatorTests.HoldingTheSameButtonReportsNothingTwice" computerName="DESKTOP-AUNE590" duration="00:00:00.0000710" startTime="2026-07-26T23:39:35.0051385+05:00" endTime="2026-07-26T23:39:35.0051659+05:00" testType="13cdc9d9-ddb5-4fa4-a97d-d965ccfc6d4b" outcome="Passed" testListId="8c84fa94-04c1-424b-9868-57a2d4851a1d" relativeResultsDirectory="40fe7cdd-1fab-494b-8601-284fcb8ad223" />
    <UnitTestResult executionId="c11cd1e7-82a9-443a-b2de-4e62756e4c8d" testId="7ccc7452-2e2e-fe48-d0d6-174b337988cf" testName="Arlecchino.Tests.HostedInputTests.KeysTypedIntoTheTerminalReachTheView(mouse: False)" computerName="DESKTOP-AUNE590" duration="00:00:00.0042126" startTime="2026-07-26T23:39:35.0496626+05:00" endTime="2026-07-26T23:39:35.0540373+05:00" testType="13cdc9d9-ddb5-4fa4-a97d-d965ccfc6d4b" outcome="Passed" testListId="8c84fa94-04c1-424b-9868-57a2d4851a1d" relativeResultsDirectory="c11cd1e7-82a9-443a-b2de-4e62756e4c8d" />
    <UnitTestResult executionId="5c59aed8-71c9-4e8f-9b4c-f1135c6ce172" testId="a12d330d-f8b5-e3e9-ae10-463c9000a060" testName="Arlecchino.Tests.WidgetContractTests.APassiveWidgetOnlyDraws(widget: typeof(Arlecchino.Widgets.StatusBar))" computerName="DESKTOP-AUNE590" duration="00:00:00.0000368" startTime="2026-07-26T23:39:33.3549080+05:00" endTime="2026-07-26T23:39:33.3549265+05:00" testType="13cdc9d9-ddb5-4fa4-a97d-d965ccfc6d4b" outcome="Passed" testListId="8c84fa94-04c1-424b-9868-57a2d4851a1d" relativeResultsDirectory="5c59aed8-71c9-4e8f-9b4c-f1135c6ce172" />
    <UnitTestResult executionId="42a61a95-3b8a-4430-b47e-f33774f261c0" testId="3df8e221-2972-8578-3f75-cce624a86c33" testName="Arlecchino.Tests.HelpViewTests.CancelGoesBackToWhereItWasOpenedFrom" computerName="DESKTOP-AUNE590" duration="00:00:00.0002797" startTime="2026-07-26T23:39:34.9934803+05:00" endTime="2026-07-26T23:39:34.9937264+05:00" testType="13cdc9d9-ddb5-4fa4-a97d-d965ccfc6d4b" outcome="Passed" testListId="8c84fa94-04c1-424b-9868-57a2d4851a1d" relativeResultsDirectory="42a61a95-3b8a-4430-b47e-f33774f261c0" />
    <UnitTestResult executionId="092ca34a-5db8-466e-9de0-a9d03d9971f2" testId="34df34a9-7a4e-d9db-5f39-16fff4cd732f" testName="Arlecchino.Tests.TextAreaModalTests.CopyingLeavesTheDialogOpen" computerName="DESKTOP-AUNE590" duration="00:00:00.0002218" startTime="2026-07-26T23:39:33.2711144+05:00" endTime="2026-07-26T23:39:33.2713376+05:00" testType="13cdc9d9-ddb5-4fa4-a97d-d965ccfc6d4b" outcome="Passed" testListId="8c84fa94-04c1-424b-9868-57a2d4851a1d" relativeResultsDirectory="092ca34a-5db8-466e-9de0-a9d03d9971f2" />
    <UnitTestResult executionId="576d4442-a433-4b1c-a76a-6b9484b1d134" testId="f7433aef-923e-9820-0a23-37d0b4f9b35c" testName="Arlecchino.Tests.AsyncStateTests.FailureIsKeptInsteadOfThrowing" computerName="DESKTOP-AUNE590" duration="00:00:00.0007149" startTime="2026-07-26T23:39:34.9705815+05:00" endTime="2026-07-26T23:39:34.9712690+05:00" testType="13cdc9d9-ddb5-4fa4-a97d-d965ccfc6d4b" outcome="Passed" testListId="8c84fa94-04c1-424b-9868-57a2d4851a1d" relativeResultsDirectory="576d4442-a433-4b1c-a76a-6b9484b1d134" />
    <UnitTestResult executionId="a59b8d53-79e8-4c8e-9e76-6941155907af" testId="afddc739-8841-4532-4a25-fdb1965d7401" testName="Arlecchino.Tests.ColorModalTests.SwatchIsPaintedWithATrueColorSequence" computerName="DESKTOP-AUNE590" duration="00:00:00.0006116" startTime="2026-07-26T23:39:33.3612864+05:00" endTime="2026-07-26T23:39:33.3618793+05:00" testType="13cdc9d9-ddb5-4fa4-a97d-d965ccfc6d4b" outcome="Passed" testListId="8c84fa94-04c1-424b-9868-57a2d4851a1d" relativeResultsDirectory="a59b8d53-79e8-4c8e-9e76-6941155907af" />
    <UnitTestResult executionId="8e037d11-7f30-46c9-b281-dd94b43ac351" testId="32872875-c331-3a4c-d751-46904c0eba85" testName="Arlecchino.Tests.ColorModalTests.HorizontalArrowsAdjustTheActiveChannel" computerName="DESKTOP-AUNE590" duration="00:00:00.0003587" startTime="2026-07-26T23:39:33.3622351+05:00" endTime="2026-07-26T23:39:33.3625790+05:00" testType="13cdc9d9-ddb5-4fa4-a97d-d965ccfc6d4b" outcome="Passed" testListId="8c84fa94-04c1-424b-9868-57a2d4851a1d" relativeResultsDirectory="8e037d11-7f30-46c9-b281-dd94b43ac351" />
    <UnitTestResult executionId="00877fb3-c465-4cc5-9b09-7e797803a706" testId="2dca3a1c-30d4-7f07-39d3-ed1619e3f632" testName="Arlecchino.Tests.FormTests.HelpOfTheSelectedFieldIsShown" computerName="DESKTOP-AUNE590" duration="00:00:00.0004857" startTime="2026-07-26T23:39:34.9994207+05:00" endTime="2026-07-26T23:39:34.9997650+05:00" testType="13cdc9d9-ddb5-4fa4-a97d-d965ccfc6d4b" outcome="Passed" testListId="8c84fa94-04c1-424b-9868-57a2d4851a1d" relativeResultsDirectory="00877fb3-c465-4cc5-9b09-7e797803a706" />
    <UnitTestResult executionId="287101d5-6036-4d56-a417-58a0cd8c03de" testId="efefbce4-9c19-7e3f-3364-91c13e42386a" testName="Arlecchino.Tests.WidgetTests.ProgressBarShowsItsCaption" computerName="DESKTOP-AUNE590" duration="00:00:00.0004500" startTime="2026-07-26T23:39:34.9833945+05:00" endTime="2026-07-26T23:39:34.9838139+05:00" testType="13cdc9d9-ddb5-4fa4-a97d-d965ccfc6d4b" outcome="Passed" testListId="8c84fa94-04c1-424b-9868-57a2d4851a1d" relativeResultsDirectory="287101d5-6036-4d56-a417-58a0cd8c03de" />
    <UnitTestResult executionId="dfb2f24b-5f84-4d22-94e6-ad61a0023f26" testId="fbd090cc-8077-2648-2bdb-556fffbccaf0" testName="Arlecchino.Tests.TextAreaModalTests.TheWholeTextIsCopiedByEitherCopyCombination" computerName="DESKTOP-AUNE590" duration="00:00:00.0004199" startTime="2026-07-26T23:39:33.2703891+05:00" endTime="2026-07-26T23:39:33.2704066+05:00" testType="13cdc9d9-ddb5-4fa4-a97d-d965ccfc6d4b" outcome="Passed" testListId="8c84fa94-04c1-424b-9868-57a2d4851a1d" relativeResultsDirectory="dfb2f24b-5f84-4d22-94e6-ad61a0023f26" />
    <UnitTestResult executionId="d028b6b3-0706-42c8-bbda-1ba3f5eee2e2" testId="c05dd1dd-3d20-0d2a-0405-7b535698ad92" testName="Arlecchino.Tests.LogOverlayTests.TheBufferKeepsOnlyItsMostRecentLines" computerName="DESKTOP-AUNE590" duration="00:00:00.0002947" startTime="2026-07-26T23:39:35.0189693+05:00" endTime="2026-07-26T23:39:35.0192114+05:00" testType="13cdc9d9-ddb5-4fa4-a97d-d965ccfc6d4b" outcome="Passed" testListId="8c84fa94-04c1-424b-9868-57a2d4851a1d" relativeResultsDirectory="d028b6b3-0706-42c8-bbda-1ba3f5eee2e2" />
    <UnitTestResult executionId="dc1695f9-f268-4e11-ac8a-67ce8f61b92c" testId="d9ba4e9f-938f-353c-f408-d369708c2178" testName="Arlecchino.Tests.ModalMouseTests.ClickingAFolderRowSelectsItAndTheSecondClickOpensIt" computerName="DESKTOP-AUNE590" duration="00:00:00.0065403" startTime="2026-07-26T23:39:33.3044506+05:00" endTime="2026-07-26T23:39:33.3110152+05:00" testType="13cdc9d9-ddb5-4fa4-a97d-d965ccfc6d4b" outcome="Passed" testListId="8c84fa94-04c1-424b-9868-57a2d4851a1d" relativeResultsDirectory="dc1695f9-f268-4e11-ac8a-67ce8f61b92c" />
    <UnitTestResult executionId="503495c2-486a-49b7-a340-be6827c23e22" testId="917d3c29-61d5-067b-e1e5-3dba11c0fbbd" testName="Arlecchino.Tests.BoundaryTests.ClippingToNothing" computerName="DESKTOP-AUNE590" duration="00:00:00.0002029" startTime="2026-07-26T23:39:34.8753304+05:00" endTime="2026-07-26T23:39:34.8753604+05:00" testType="13cdc9d9-ddb5-4fa4-a97d-d965ccfc6d4b" outcome="Passed" testListId="8c84fa94-04c1-424b-9868-57a2d4851a1d" relativeResultsDirectory="503495c2-486a-49b7-a340-be6827c23e22" />
    <UnitTestResult executionId="0541339e-861a-437c-af44-831be1b44da0" testId="1ebab4df-2b89-ecec-451c-cda324794b5b" testName="Arlecchino.Tests.EmptyAndZeroInputTests.APickerPointedAtNowhere" computerName="DESKTOP-AUNE590" duration="00:00:00.0114710" startTime="2026-07-26T23:39:33.2887156+05:00" endTime="2026-07-26T23:39:33.3001247+05:00" testType="13cdc9d9-ddb5-4fa4-a97d-d965ccfc6d4b" outcome="Passed" testListId="8c84fa94-04c1-424b-9868-57a2d4851a1d" relativeResultsDirectory="0541339e-861a-437c-af44-831be1b44da0" />
    <UnitTestResult executionId="5c3b13bf-fb46-4d25-b4fa-4ae0834c38bc" testId="d835a7c2-c8bf-a815-db1e-2e359df1f54e" testName="Arlecchino.Tests.TextModalTests.FormatIsCheckedBeforeTheUserValidator" computerName="DESKTOP-AUNE590" duration="00:00:00.0003732" startTime="2026-07-26T23:39:38.5967092+05:00" endTime="2026-07-26T23:39:38.5970196+05:00" testType="13cdc9d9-ddb5-4fa4-a97d-d965ccfc6d4b" outcome="Passed" testListId="8c84fa94-04c1-424b-9868-57a2d4851a1d" relativeResultsDirectory="5c3b13bf-fb46-4d25-b4fa-4ae0834c38bc" />
    <UnitTestResult executionId="986e3c3b-afea-41e5-95db-7b9fe432ab5a" testId="ae4cb7ce-80b0-3881-a5d0-0dfc6ecd38df" testName="Arlecchino.Tests.SurfaceTests.WriteTableRowPadsColumnsBySign" computerName="DESKTOP-AUNE590" duration="00:00:00.0001570" startTime="2026-07-26T23:39:34.9811245+05:00" endTime="2026-07-26T23:39:34.9811425+05:00" testType="13cdc9d9-ddb5-4fa4-a97d-d965ccfc6d4b" outcome="Passed" testListId="8c84fa94-04c1-424b-9868-57a2d4851a1d" relativeResultsDirectory="986e3c3b-afea-41e5-95db-7b9fe432ab5a" />
    <UnitTestResult executionId="462c691d-ac57-44c5-a857-f1bc57259c66" testId="53269b7b-b073-303d-abac-0a282db898c3" testName="Arlecchino.Tests.FieldTests.AnActionFieldIsMarkedAsOneAndCarriesNoValue" computerName="DESKTOP-AUNE590" duration="00:00:00.0003208" startTime="2026-07-26T23:39:33.3425455+05:00" endTime="2026-07-26T23:39:33.3428756+05:00" testType="13cdc9d9-ddb5-4fa4-a97d-d965ccfc6d4b" outcome="Passed" testListId="8c84fa94-04c1-424b-9868-57a2d4851a1d" relativeResultsDirectory="462c691d-ac57-44c5-a857-f1bc57259c66" />
    <UnitTestResult executionId="29a32874-12a6-4121-a30f-3144c2798d94" testId="8704de12-3222-0d8e-53c4-79e52cdab66c" testName="Arlecchino.Tests.EscapeTimeoutTests.TheWaitIsWhateverTheOptionsSay" computerName="DESKTOP-AUNE590" duration="00:00:00.0681461" startTime="2026-07-26T23:39:35.1673733+05:00" endTime="2026-07-26T23:39:35.2356125+05:00" testType="13cdc9d9-ddb5-4fa4-a97d-d965ccfc6d4b" outcome="Passed" testListId="8c84fa94-04c1-424b-9868-57a2d4851a1d" relativeResultsDirectory="29a32874-12a6-4121-a30f-3144c2798d94" />
    <UnitTestResult executionId="a16456f5-fad5-4e0a-842f-70490d90b568" testId="a23a6762-ccc4-8a5d-ae8a-fc488a9f6f8e" testName="Arlecchino.Tests.PasteTests.CopyingAFieldReachesTheTerminalClipboard" computerName="DESKTOP-AUNE590" duration="00:00:00.0002196" startTime="2026-07-26T23:39:35.1624452+05:00" endTime="2026-07-26T23:39:35.1626849+05:00" testType="13cdc9d9-ddb5-4fa4-a97d-d965ccfc6d4b" outcome="Passed" testListId="8c84fa94-04c1-424b-9868-57a2d4851a1d" relativeResultsDirectory="a16456f5-fad5-4e0a-842f-70490d90b568" />
    <UnitTestResult executionId="b36922de-bfe8-4d01-ae99-503942c841c9" testId="379904f2-26cc-1963-5e0d-88cb3409e060" testName="Arlecchino.Tests.AsyncStateTests.ReloadingCancelsTheLoadInFlight" computerName="DESKTOP-AUNE590" duration="00:00:00.0311283" startTime="2026-07-26T23:39:34.9391704+05:00" endTime="2026-07-26T23:39:34.9705152+05:00" testType="13cdc9d9-ddb5-4fa4-a97d-d965ccfc6d4b" outcome="Passed" testListId="8c84fa94-04c1-424b-9868-57a2d4851a1d" relativeResultsDirectory="b36922de-bfe8-4d01-ae99-503942c841c9" />
    <UnitTestResult executionId="f788ac72-2c0b-4c40-a118-ec1f9d97d669" testId="8cb84b57-d043-b409-0c9d-0f8db4346056" testName="Arlecchino.Tests.NavigationTests.NavigatingForwardClearsTheForwardStack" computerName="DESKTOP-AUNE590" duration="00:00:00.0004107" startTime="2026-07-26T23:39:38.6032106+05:00" endTime="2026-07-26T23:39:38.6036042+05:00" testType="13cdc9d9-ddb5-4fa4-a97d-d965ccfc6d4b" outcome="Passed" testListId="8c84fa94-04c1-424b-9868-57a2d4851a1d" relativeResultsDirectory="f788ac72-2c0b-4c40-a118-ec1f9d97d669" />
    <UnitTestResult executionId="143f7f13-cb2f-46d2-a51b-5bd39073df64" testId="d66ba48b-dfa6-b240-30c3-dc32b9e670e4" testName="Arlecchino.Tests.RenderingTests.HexIsParsedAndFormattedBack" computerName="DESKTOP-AUNE590" duration="00:00:00.0007062" startTime="2026-07-26T23:39:35.0262038+05:00" endTime="2026-07-26T23:39:35.0268785+05:00" testType="13cdc9d9-ddb5-4fa4-a97d-d965ccfc6d4b" outcome="Passed" testListId="8c84fa94-04c1-424b-9868-57a2d4851a1d" relativeResultsDirectory="143f7f13-cb2f-46d2-a51b-5bd39073df64" />
    <UnitTestResult executionId="315635b3-7b06-46fc-aacf-c2b74475d40c" testId="8ed1eb95-5bb4-bb70-a467-68e31547bdd3" testName="Arlecchino.Tests.TextModalTests.EscapeCancelsWithoutSubmitting" computerName="DESKTOP-AUNE590" duration="00:00:00.0002769" startTime="2026-07-26T23:39:38.5975624+05:00" endTime="2026-07-26T23:39:38.5978342+05:00" testType="13cdc9d9-ddb5-4fa4-a97d-d965ccfc6d4b" outcome="Passed" testListId="8c84fa94-04c1-424b-9868-57a2d4851a1d" relativeResultsDirectory="315635b3-7b06-46fc-aacf-c2b74475d40c" />
    <UnitTestResult executionId="78de3d49-14df-43bd-a838-447dc4ace0de" testId="233cc280-5d68-8ddf-58ef-491d559319b9" testName="Arlecchino.Tests.DiffRenderingTests.ChangedRunIsSentAsOneJumpWhenGapsAreShort" computerName="DESKTOP-AUNE590" duration="00:00:00.0004508" startTime="2026-07-26T23:39:34.9731604+05:00" endTime="2026-07-26T23:39:34.9734778+05:00" testType="13cdc9d9-ddb5-4fa4-a97d-d965ccfc6d4b" outcome="Passed" testListId="8c84fa94-04c1-424b-9868-57a2d4851a1d" relativeResultsDirectory="78de3d49-14df-43bd-a838-447dc4ace0de" />
    <UnitTestResult executionId="d7c02181-b74c-4a68-854b-15ec9e694d5b" testId="29516d46-cad9-b9d9-b991-e0ff64ffa9ae" testName="Arlecchino.Tests.StateHistoryTests.AGroupCountsAsOneStepAgainstTheCapacity" computerName="DESKTOP-AUNE590" duration="00:00:00.0001281" startTime="2026-07-26T23:39:35.1650256+05:00" endTime="2026-07-26T23:39:35.1650408+05:00" testType="13cdc9d9-ddb5-4fa4-a97d-d965ccfc6d4b" outcome="Passed" testListId="8c84fa94-04c1-424b-9868-57a2d4851a1d" relativeResultsDirectory="d7c02181-b74c-4a68-854b-15ec9e694d5b" />
    <UnitTestResult executionId="405b5ce6-598d-4755-85b5-e4a00c3d99be" testId="5e457c35-bb00-949a-0a4d-45e718f5db6d" testName="Arlecchino.Tests.HostedInputTests.TheTerminalIsHandedBackWhenTheServiceStops" computerName="DESKTOP-AUNE590" duration="00:00:00.0158565" startTime="2026-07-26T23:39:35.1261877+05:00" endTime="2026-07-26T23:39:35.1421822+05:00" testType="13cdc9d9-ddb5-4fa4-a97d-d965ccfc6d4b" outcome="Passed" testListId="8c84fa94-04c1-424b-9868-57a2d4851a1d" relativeResultsDirectory="405b5ce6-598d-4755-85b5-e4a00c3d99be" />
    <UnitTestResult executionId="73742ac5-fa40-4432-b00d-ad0d8c2ca23a" testId="41a5d4f0-7894-2072-c4e6-cfec9a9c843d" testName="Arlecchino.Tests.NavigationTests.NavigatingToTheCurrentRouteDoesNotGrowHistory" computerName="DESKTOP-AUNE590" duration="00:00:00.0002148" startTime="2026-07-26T23:39:38.6058311+05:00" endTime="2026-07-26T23:39:38.6058571+05:00" testType="13cdc9d9-ddb5-4fa4-a97d-d965ccfc6d4b" outcome="Passed" testListId="8c84fa94-04c1-424b-9868-57a2d4851a1d" relativeResultsDirectory="73742ac5-fa40-4432-b00d-ad0d8c2ca23a" />
    <UnitTestResult executionId="90a44b8a-135d-4195-a3a2-eac222e28415" testId="e438ade8-4af6-06fb-19a9-56f3a526f255" testName="Arlecchino.Tests.NotificationTests.TheKeyThatOpensTheScreenCanBeChosen" computerName="DESKTOP-AUNE590" duration="00:00:00.0023831" startTime="2026-07-26T23:39:34.8862031+05:00" endTime="2026-07-26T23:39:34.8884739+05:00" testType="13cdc9d9-ddb5-4fa4-a97d-d965ccfc6d4b" outcome="Passed" testListId="8c84fa94-04c1-424b-9868-57a2d4851a1d" relativeResultsDirectory="90a44b8a-135d-4195-a3a2-eac222e28415" />
    <UnitTestResult executionId="fefa7c30-abfc-4bad-8160-f2c6b9a35077" testId="358b21cb-c3e2-f808-258c-80ac5460b1c3" testName="Arlecchino.Tests.MouseTests.GarbageIsRejected" computerName="DESKTOP-AUNE590" duration="00:00:00.0001372" startTime="2026-07-26T23:39:38.6506280+05:00" endTime="2026-07-26T23:39:38.6506935+05:00" testType="13cdc9d9-ddb5-4fa4-a97d-d965ccfc6d4b" outcome="Passed" testListId="8c84fa94-04c1-424b-9868-57a2d4851a1d" relativeResultsDirectory="fefa7c30-abfc-4bad-8160-f2c6b9a35077" />
    <UnitTestResult executionId="68eee6b9-ac3b-4647-8792-bc6755a017cf" testId="1570af9d-f5c2-2c90-c045-951cac635ee7" testName="Arlecchino.Tests.MouseTests.WheelScrollsAnOpenList" computerName="DESKTOP-AUNE590" duration="00:00:00.0004151" startTime="2026-07-26T23:39:38.6137231+05:00" endTime="2026-07-26T23:39:38.6139655+05:00" testType="13cdc9d9-ddb5-4fa4-a97d-d965ccfc6d4b" outcome="Passed" testListId="8c84fa94-04c1-424b-9868-57a2d4851a1d" relativeResultsDirectory="68eee6b9-ac3b-4647-8792-bc6755a017cf" />
    <UnitTestResult executionId="aacabbf7-71a5-4a2b-ad77-122424b61f14" testId="bc015023-084d-d817-92b4-0a949b62d57a" testName="Arlecchino.Tests.ChoiceModalTests.MarksSurviveFiltering" computerName="DESKTOP-AUNE590" duration="00:00:00.0008011" startTime="2026-07-26T23:39:33.2803141+05:00" endTime="2026-07-26T23:39:33.2809520+05:00" testType="13cdc9d9-ddb5-4fa4-a97d-d965ccfc6d4b" outcome="Passed" testListId="8c84fa94-04c1-424b-9868-57a2d4851a1d" relativeResultsDirectory="aacabbf7-71a5-4a2b-ad77-122424b61f14" />
    <UnitTestResult executionId="c6ce8923-10b8-4820-8059-f373c8ec4f05" testId="26fa7420-c3a7-39e2-ec9d-01a1c5e77e84" testName="Arlecchino.Tests.TextModalTests.TypingClearsTheValidationMessage" computerName="DESKTOP-AUNE590" duration="00:00:00.0003738" startTime="2026-07-26T23:39:38.5994490+05:00" endTime="2026-07-26T23:39:38.5997491+05:00" testType="13cdc9d9-ddb5-4fa4-a97d-d965ccfc6d4b" outcome="Passed" testListId="8c84fa94-04c1-424b-9868-57a2d4851a1d" relativeResultsDirectory="c6ce8923-10b8-4820-8059-f373c8ec4f05" />
    <UnitTestResult executionId="fb0390c8-b48c-4fb5-bcf8-73d590651c8a" testId="2cdb1212-0b46-5e21-0ff2-8c18869e0f61" testName="Arlecchino.Tests.KeyBindingFallbackTests.DigitsAndControlKeysMatchByCharacter" computerName="DESKTOP-AUNE590" duration="00:00:00.0000649" startTime="2026-07-26T23:39:35.0250044+05:00" endTime="2026-07-26T23:39:35.0250395+05:00" testType="13cdc9d9-ddb5-4fa4-a97d-d965ccfc6d4b" outcome="Passed" testListId="8c84fa94-04c1-424b-9868-57a2d4851a1d" relativeResultsDirectory="fb0390c8-b48c-4fb5-bcf8-73d590651c8a" />
    <UnitTestResult executionId="deafbef3-d197-4e6c-be39-7d109b449099" testId="0a2ea071-2c27-e4d6-9c65-d80910e182e3" testName="Arlecchino.Tests.ResizeTests.TextReflowsWhenTheWindowNarrows" computerName="DESKTOP-AUNE590" duration="00:00:00.0002474" startTime="2026-07-26T23:39:38.6113571+05:00" endTime="2026-07-26T23:39:38.6115597+05:00" testType="13cdc9d9-ddb5-4fa4-a97d-d965ccfc6d4b" outcome="Passed" testListId="8c84fa94-04c1-424b-9868-57a2d4851a1d" relativeResultsDirectory="deafbef3-d197-4e6c-be39-7d109b449099" />
    <UnitTestResult executionId="9244278a-d21e-4fa6-ad73-ccf4c5b7c3ab" testId="92c4c1ef-2a52-53f0-528b-81f2d5a8181a" testName="Arlecchino.Tests.TextModalTests.BackspaceDeletesTheLastCharacter" computerName="DESKTOP-AUNE590" duration="00:00:00.0003236" startTime="2026-07-26T23:39:38.5999116+05:00" endTime="2026-07-26T23:39:38.6001577+05:00" testType="13cdc9d9-ddb5-4fa4-a97d-d965ccfc6d4b" outcome="Passed" testListId="8c84fa94-04c1-424b-9868-57a2d4851a1d" relativeResultsDirectory="9244278a-d21e-4fa6-ad73-ccf4c5b7c3ab" />
    <UnitTestResult executionId="d313c9bf-39a0-4f5a-8444-adeec8f9e18a" testId="5c309648-f577-cdcb-4ec7-c68ad1fb0262" testName="Arlecchino.Tests.ValueModalTests.SteppingClampsToTheBounds" computerName="DESKTOP-AUNE590" duration="00:00:00.0002781" startTime="2026-07-26T23:39:34.8265437+05:00" endTime="2026-07-26T23:39:34.8267833+05:00" testType="13cdc9d9-ddb5-4fa4-a97d-d965ccfc6d4b" outcome="Passed" testListId="8c84fa94-04c1-424b-9868-57a2d4851a1d" relativeResultsDirectory="d313c9bf-39a0-4f5a-8444-adeec8f9e18a" />
    <UnitTestResult executionId="518b6f85-ce03-4fe2-9e91-c45db73af668" testId="53743946-531a-e9b3-cfc6-fccf9d70f2fc" testName="Arlecchino.Tests.KeymapTests.BindingReadsAsTheKeyItIs" computerName="DESKTOP-AUNE590" duration="00:00:00.0000475" startTime="2026-07-26T23:39:35.0118074+05:00" endTime="2026-07-26T23:39:35.0118452+05:00" testType="13cdc9d9-ddb5-4fa4-a97d-d965ccfc6d4b" outcome="Passed" testListId="8c84fa94-04c1-424b-9868-57a2d4851a1d" relativeResultsDirectory="518b6f85-ce03-4fe2-9e91-c45db73af668" />
    <UnitTestResult executionId="03dac5af-6882-4957-a38a-47df40b127a2" testId="37d75133-64b3-3e83-b05e-243edfec1385" testName="Arlecchino.Tests.ChoiceModalTests.PreselectedOptionsAreMarkedAndCounted" computerName="DESKTOP-AUNE590" duration="00:00:00.0018399" startTime="2026-07-26T23:39:33.2827601+05:00" endTime="2026-07-26T23:39:33.2845896+05:00" testType="13cdc9d9-ddb5-4fa4-a97d-d965ccfc6d4b" outcome="Passed" testListId="8c84fa94-04c1-424b-9868-57a2d4851a1d" relativeResultsDirectory="03dac5af-6882-4957-a38a-47df40b127a2" />
    <UnitTestResult executionId="7c5e849f-9b92-4027-9481-635b41a5f97c" testId="af928b98-077b-a772-7544-b994658e7647" testName="Arlecchino.Tests.LogOverlayTests.BackspaceEmptiesTheBuffer" computerName="DESKTOP-AUNE590" duration="00:00:00.0007581" startTime="2026-07-26T23:39:35.0192469+05:00" endTime="2026-07-26T23:39:35.0199998+05:00" testType="13cdc9d9-ddb5-4fa4-a97d-d965ccfc6d4b" outcome="Passed" testListId="8c84fa94-04c1-424b-9868-57a2d4851a1d" relativeResultsDirectory="7c5e849f-9b92-4027-9481-635b41a5f97c" />
    <UnitTestResult executionId="39b44401-4b62-434b-9ec5-b4965bf244ea" testId="c0f99d14-5c07-3cae-3699-795b95626ba3" testName="Arlecchino.Tests.DateTimeModalTests.DateIsShownAsSegments" computerName="DESKTOP-AUNE590" duration="00:00:00.0006068" startTime="2026-07-26T23:39:33.2638442+05:00" endTime="2026-07-26T23:39:33.2643135+05:00" testType="13cdc9d9-ddb5-4fa4-a97d-d965ccfc6d4b" outcome="Passed" testListId="8c84fa94-04c1-424b-9868-57a2d4851a1d" relativeResultsDirectory="39b44401-4b62-434b-9ec5-b4965bf244ea" />
    <UnitTestResult executionId="fa1b56d6-1a78-4d87-a394-510f02933de2" testId="2e808c0a-220b-911a-e062-7423b80475c4" testName="Arlecchino.Tests.HelpViewTests.EveryFrameworkKeyIsListedWithWhatItDoes" computerName="DESKTOP-AUNE590" duration="00:00:00.0011796" startTime="2026-07-26T23:39:34.9937888+05:00" endTime="2026-07-26T23:39:34.9949282+05:00" testType="13cdc9d9-ddb5-4fa4-a97d-d965ccfc6d4b" outcome="Passed" testListId="8c84fa94-04c1-424b-9868-57a2d4851a1d" relativeResultsDirectory="fa1b56d6-1a78-4d87-a394-510f02933de2" />
    <UnitTestResult executionId="696418b2-1bf6-426c-8cf3-97d60204dd91" testId="da961ae3-1f0e-b68a-47ad-ee18b474986e" testName="Arlecchino.Tests.LeakTests.SubscriptionsDoNotPileUpAsScreensComeAndGo" computerName="DESKTOP-AUNE590" duration="00:00:00.0014351" startTime="2026-07-26T23:39:34.7999467+05:00" endTime="2026-07-26T23:39:34.8013469+05:00" testType="13cdc9d9-ddb5-4fa4-a97d-d965ccfc6d4b" outcome="Passed" testListId="8c84fa94-04c1-424b-9868-57a2d4851a1d" relativeResultsDirectory="696418b2-1bf6-426c-8cf3-97d60204dd91" />
    <UnitTestResult executionId="6c37ee26-1449-48b0-a7d5-3db189bc4fef" testId="02f4f181-4730-e5be-a4b2-dd83bc811982" testName="Arlecchino.Tests.ModalStackTests.ClosingEverythingLeavesNoModal" computerName="DESKTOP-AUNE590" duration="00:00:00.0003180" startTime="2026-07-26T23:39:33.3569591+05:00" endTime="2026-07-26T23:39:33.3572404+05:00" testType="13cdc9d9-ddb5-4fa4-a97d-d965ccfc6d4b" outcome="Passed" testListId="8c84fa94-04c1-424b-9868-57a2d4851a1d" relativeResultsDirectory="6c37ee26-1449-48b0-a7d5-3db189bc4fef" />
    <UnitTestResult executionId="dd7de182-0105-41a5-b384-ca23c618e430" testId="a2126ebd-b508-f56a-90f5-3797a06ce9c8" testName="Arlecchino.Tests.HelpViewTests.RegisteredCommandsAreListedToo" computerName="DESKTOP-AUNE590" duration="00:00:00.0012676" startTime="2026-07-26T23:39:34.9949873+05:00" endTime="2026-07-26T23:39:34.9962033+05:00" testType="13cdc9d9-ddb5-4fa4-a97d-d965ccfc6d4b" outcome="Passed" testListId="8c84fa94-04c1-424b-9868-57a2d4851a1d" relativeResultsDirectory="dd7de182-0105-41a5-b384-ca23c618e430" />
    <UnitTestResult executionId="8eb26cca-9756-40e2-a9b6-483f70429816" testId="fed5182e-1627-d35a-11c4-b4f99c32c2bf" testName="Arlecchino.Tests.ViewLifetimeTests.ALoadStartedByAScreenStopsWhenTheScreenGoesAway" computerName="DESKTOP-AUNE590" duration="00:00:00.0009554" startTime="2026-07-26T23:39:34.9761014+05:00" endTime="2026-07-26T23:39:34.9770228+05:00" testType="13cdc9d9-ddb5-4fa4-a97d-d965ccfc6d4b" outcome="Passed" testListId="8c84fa94-04c1-424b-9868-57a2d4851a1d" relativeResultsDirectory="8eb26cca-9756-40e2-a9b6-483f70429816" />
    <UnitTestResult executionId="00fbe14f-3252-4ff0-afce-20eea9ed7108" testId="ed54e00a-fba5-8012-c629-61340567858f" testName="Arlecchino.Tests.PasteTests.AFieldRefusesPastedCharactersItWouldNotAcceptTyped" computerName="DESKTOP-AUNE590" duration="00:00:00.0003286" startTime="2026-07-26T23:39:35.1629911+05:00" endTime="2026-07-26T23:39:35.1630224+05:00" testType="13cdc9d9-ddb5-4fa4-a97d-d965ccfc6d4b" outcome="Passed" testListId="8c84fa94-04c1-424b-9868-57a2d4851a1d" relativeResultsDirectory="00fbe14f-3252-4ff0-afce-20eea9ed7108" />
    <UnitTestResult executionId="c143c464-96c5-427c-a24e-00b3c4f3f363" testId="e32aa576-8bd7-d6cb-30fa-493b45b18262" testName="Arlecchino.Tests.ViewScopeTests.AScopedServiceIsBuiltPerScreenAndReleasedWithIt" computerName="DESKTOP-AUNE590" duration="00:00:00.0003075" startTime="2026-07-26T23:39:34.9722415+05:00" endTime="2026-07-26T23:39:34.9725664+05:00" testType="13cdc9d9-ddb5-4fa4-a97d-d965ccfc6d4b" outcome="Passed" testListId="8c84fa94-04c1-424b-9868-57a2d4851a1d" relativeResultsDirectory="c143c464-96c5-427c-a24e-00b3c4f3f363" />
    <UnitTestResult executionId="299e04a6-4b0a-4a47-8ee5-775fea42704f" testId="d8f70f76-ece9-d8bd-9dd8-6ad47c8045ab" testName="Arlecchino.Tests.StateTests.ASubscriberAddedWhileNotifyingHearsTheNextWriteOnly" computerName="DESKTOP-AUNE590" duration="00:00:00.0001246" startTime="2026-07-26T23:39:34.8022708+05:00" endTime="2026-07-26T23:39:34.8022855+05:00" testType="13cdc9d9-ddb5-4fa4-a97d-d965ccfc6d4b" outcome="Passed" testListId="8c84fa94-04c1-424b-9868-57a2d4851a1d" relativeResultsDirectory="299e04a6-4b0a-4a47-8ee5-775fea42704f" />
    <UnitTestResult executionId="e1e72b0b-df5e-4e2f-bdf4-b221c682a4f5" testId="1c137ea0-399e-8370-1351-f3a9e73a4d49" testName="Arlecchino.Tests.ColorModalTests.ChannelLabelsComeFromStrings" computerName="DESKTOP-AUNE590" duration="00:00:00.0006095" startTime="2026-07-26T23:39:33.3594429+05:00" endTime="2026-07-26T23:39:33.3600004+05:00" testType="13cdc9d9-ddb5-4fa4-a97d-d965ccfc6d4b" outcome="Passed" testListId="8c84fa94-04c1-424b-9868-57a2d4851a1d" relativeResultsDirectory="e1e72b0b-df5e-4e2f-bdf4-b221c682a4f5" />
    <UnitTestResult executionId="b0b0e7a2-69f7-4b84-b744-709ee217b523" testId="2e2b075c-e9c6-da54-a7a9-5c100ab52f58" testName="Arlecchino.Tests.FieldTests.ANumberIsSteppedAndWrittenBack" computerName="DESKTOP-AUNE590" duration="00:00:00.0025447" startTime="2026-07-26T23:39:33.3450361+05:00" endTime="2026-07-26T23:39:33.3475391+05:00" testType="13cdc9d9-ddb5-4fa4-a97d-d965ccfc6d4b" outcome="Passed" testListId="8c84fa94-04c1-424b-9868-57a2d4851a1d" relativeResultsDirectory="b0b0e7a2-69f7-4b84-b744-709ee217b523" />
    <UnitTestResult executionId="25571110-2910-4e29-9df3-399d8fcb2543" testId="d0f2eb51-580b-b2a1-d40c-e0962b1954f7" testName="Arlecchino.Tests.DocumentationTests.TheDocumentationIsWhereTheTestThinksItIs" computerName="DESKTOP-AUNE590" duration="00:00:00.0005999" startTime="2026-07-26T23:39:35.1539622+05:00" endTime="2026-07-26T23:39:35.1545952+05:00" testType="13cdc9d9-ddb5-4fa4-a97d-d965ccfc6d4b" outcome="Passed" testListId="8c84fa94-04c1-424b-9868-57a2d4851a1d" relativeResultsDirectory="25571110-2910-4e29-9df3-399d8fcb2543" />
    <UnitTestResult executionId="f38cbd9f-8db2-4d2c-8628-4f28e13aaf91" testId="49d82ea5-0fed-dd22-7d91-de7dd4e67123" testName="Arlecchino.Tests.ValueModalTests.OutOfRangeIsReportedBeforeTheUserValidator" computerName="DESKTOP-AUNE590" duration="00:00:00.0008229" startTime="2026-07-26T23:39:34.8225741+05:00" endTime="2026-07-26T23:39:34.8233221+05:00" testType="13cdc9d9-ddb5-4fa4-a97d-d965ccfc6d4b" outcome="Passed" testListId="8c84fa94-04c1-424b-9868-57a2d4851a1d" relativeResultsDirectory="f38cbd9f-8db2-4d2c-8628-4f28e13aaf91" />
    <UnitTestResult executionId="e7d8ea17-79cd-40e0-bf09-496c75fd24f0" testId="3fdba84b-22ac-e627-bd81-7b8dc1fd00cd" testName="Arlecchino.Tests.ModalStackTests.ClosingTheTopModalUncoversTheOneUnderneath" computerName="DESKTOP-AUNE590" duration="00:00:00.0002759" startTime="2026-07-26T23:39:33.3576443+05:00" endTime="2026-07-26T23:39:33.3577821+05:00" testType="13cdc9d9-ddb5-4fa4-a97d-d965ccfc6d4b" outcome="Passed" testListId="8c84fa94-04c1-424b-9868-57a2d4851a1d" relativeResultsDirectory="e7d8ea17-79cd-40e0-bf09-496c75fd24f0" />
    <UnitTestResult executionId="bc542987-4497-4293-8792-cd20fd6749c9" testId="8a7487e8-97eb-321a-ad3b-7dc2a9b8f97a" testName="Arlecchino.Tests.SystemTerminalTests.PasteIsBracketedWhileItIsOn" computerName="DESKTOP-AUNE590" duration="00:00:00.0001359" startTime="2026-07-26T23:39:35.1498219+05:00" endTime="2026-07-26T23:39:35.1499314+05:00" testType="13cdc9d9-ddb5-4fa4-a97d-d965ccfc6d4b" outcome="Passed" testListId="8c84fa94-04c1-424b-9868-57a2d4851a1d" relativeResultsDirectory="bc542987-4497-4293-8792-cd20fd6749c9" />
    <UnitTestResult executionId="cd4f1cf7-247e-4f38-9955-feaa9e098887" testId="cd4ac640-a5b9-fba0-484e-a831fdf825da" testName="Arlecchino.Tests.TextModalTests.ScrollingBackToTheStartDropsTheLeadingMarker" computerName="DESKTOP-AUNE590" duration="00:00:00.0004478" startTime="2026-07-26T23:39:38.5913465+05:00" endTime="2026-07-26T23:39:38.5915055+05:00" testType="13cdc9d9-ddb5-4fa4-a97d-d965ccfc6d4b" outcome="Passed" testListId="8c84fa94-04c1-424b-9868-57a2d4851a1d" relativeResultsDirectory="cd4f1cf7-247e-4f38-9955-feaa9e098887" />
    <UnitTestResult executionId="51c8d872-9116-4d37-b829-becacf61455b" testId="4faaa310-e650-d1af-e01b-3640e222e1b3" testName="Arlecchino.Tests.SystemTerminalTests.FramesGoToTheConsole" computerName="DESKTOP-AUNE590" duration="00:00:00.0001918" startTime="2026-07-26T23:39:35.1514636+05:00" endTime="2026-07-26T23:39:35.1515503+05:00" testType="13cdc9d9-ddb5-4fa4-a97d-d965ccfc6d4b" outcome="Passed" testListId="8c84fa94-04c1-424b-9868-57a2d4851a1d" relativeResultsDirectory="51c8d872-9116-4d37-b829-becacf61455b" />
    <UnitTestResult executionId="db1564e5-65c0-4b7d-8f6b-f1c51ca547ac" testId="020dbc6a-0ab2-92ac-2368-25ec2924a37d" testName="Arlecchino.Tests.SurfaceTests.WriteAtIgnoresPositionsOutsideTheFrame" computerName="DESKTOP-AUNE590" duration="00:00:00.0000480" startTime="2026-07-26T23:39:34.9814103+05:00" endTime="2026-07-26T23:39:34.9814238+05:00" testType="13cdc9d9-ddb5-4fa4-a97d-d965ccfc6d4b" outcome="Passed" testListId="8c84fa94-04c1-424b-9868-57a2d4851a1d" relativeResultsDirectory="db1564e5-65c0-4b7d-8f6b-f1c51ca547ac" />
    <UnitTestResult executionId="99598418-17ac-4605-890c-faf1cab5f24e" testId="af28c33f-709e-fffa-cf70-7d8ceb448455" testName="Arlecchino.Tests.RenderingTests.TrueColorStyleCarriesBothPlanes" computerName="DESKTOP-AUNE590" duration="00:00:00.0001329" startTime="2026-07-26T23:39:35.0269423+05:00" endTime="2026-07-26T23:39:35.0270154+05:00" testType="13cdc9d9-ddb5-4fa4-a97d-d965ccfc6d4b" outcome="Passed" testListId="8c84fa94-04c1-424b-9868-57a2d4851a1d" relativeResultsDirectory="99598418-17ac-4605-890c-faf1cab5f24e" />
    <UnitTestResult executionId="225afc37-5f62-44fb-89b6-cff9976297c3" testId="b62f270a-dbda-e09b-400f-8c543c50ed2b" testName="Arlecchino.Tests.ChoiceModalTests.AListLongerThanTheBoxShowsWhereTheCursorIs" computerName="DESKTOP-AUNE590" duration="00:00:00.0032102" startTime="2026-07-26T23:39:33.2745993+05:00" endTime="2026-07-26T23:39:33.2778102+05:00" testType="13cdc9d9-ddb5-4fa4-a97d-d965ccfc6d4b" outcome="Passed" testListId="8c84fa94-04c1-424b-9868-57a2d4851a1d" relativeResultsDirectory="225afc37-5f62-44fb-89b6-cff9976297c3" />
    <UnitTestResult executionId="d235ea3b-7a47-4d90-8659-75ad27a5e734" testId="cb57149e-7f14-9349-b41a-f4b91ace01e1" testName="Arlecchino.Tests.NavigationTests.AltArrowsWalkTheHistory" computerName="DESKTOP-AUNE590" duration="00:00:00.0002754" startTime="2026-07-26T23:39:38.6062244+05:00" endTime="2026-07-26T23:39:38.6064466+05:00" testType="13cdc9d9-ddb5-4fa4-a97d-d965ccfc6d4b" outcome="Passed" testListId="8c84fa94-04c1-424b-9868-57a2d4851a1d" relativeResultsDirectory="d235ea3b-7a47-4d90-8659-75ad27a5e734" />
    <UnitTestResult executionId="a83b89d7-98a7-458d-b00f-d2d48ad8b5b5" testId="38d4d513-6881-c15a-9c5c-c379e0ded45c" testName="Arlecchino.Tests.ChoiceModalTests.EmptyResultShowsTheNoticeAndEnterDoesNothing" computerName="DESKTOP-AUNE590" duration="00:00:00.0006453" startTime="2026-07-26T23:39:33.2811278+05:00" endTime="2026-07-26T23:39:33.2816612+05:00" testType="13cdc9d9-ddb5-4fa4-a97d-d965ccfc6d4b" outcome="Passed" testListId="8c84fa94-04c1-424b-9868-57a2d4851a1d" relativeResultsDirectory="a83b89d7-98a7-458d-b00f-d2d48ad8b5b5" />
    <UnitTestResult executionId="1dd99c8b-8e14-4f33-923b-d1c54dd79a73" testId="ab850719-5b3b-1f23-94a0-3ced30d8fc1a" testName="Arlecchino.Tests.GeneratorTests.DuplicateRoutesAreReported" computerName="DESKTOP-AUNE590" duration="00:00:00.0422661" startTime="2026-07-26T23:39:33.8612937+05:00" endTime="2026-07-26T23:39:33.9034539+05:00" testType="13cdc9d9-ddb5-4fa4-a97d-d965ccfc6d4b" outcome="Passed" testListId="8c84fa94-04c1-424b-9868-57a2d4851a1d" relativeResultsDirectory="1dd99c8b-8e14-4f33-923b-d1c54dd79a73" />
    <UnitTestResult executionId="c9b2a09a-0964-40ed-8c11-7fefa210e173" testId="f7c34e76-9b8e-b4b3-16a3-e87c27fc9def" testName="Arlecchino.Tests.ChoiceModalTests.CommandPaletteOpensRunsAndReportsUnknownKeys" computerName="DESKTOP-AUNE590" duration="00:00:00.0017421" startTime="2026-07-26T23:39:33.2779533+05:00" endTime="2026-07-26T23:39:33.2795456+05:00" testType="13cdc9d9-ddb5-4fa4-a97d-d965ccfc6d4b" outcome="Passed" testListId="8c84fa94-04c1-424b-9868-57a2d4851a1d" relativeResultsDirectory="c9b2a09a-0964-40ed-8c11-7fefa210e173" />
    <UnitTestResult executionId="cfc24258-6509-4455-95ff-1884f88a340d" testId="a3e7cf7f-d86a-f180-73fe-b45eea2e08eb" testName="Arlecchino.Tests.TextWidthTests.TruncateNeverSplitsACharacter" computerName="DESKTOP-AUNE590" duration="00:00:00.0000215" startTime="2026-07-26T23:39:35.1435828+05:00" endTime="2026-07-26T23:39:35.1435977+05:00" testType="13cdc9d9-ddb5-4fa4-a97d-d965ccfc6d4b" outcome="Passed" testListId="8c84fa94-04c1-424b-9868-57a2d4851a1d" relativeResultsDirectory="cfc24258-6509-4455-95ff-1884f88a340d" />
    <UnitTestResult executionId="62774299-0abb-4ae5-9eb0-3124985e3c98" testId="3c343063-ea44-a773-c8bf-b40232d6efa7" testName="Arlecchino.Tests.WidgetTests.AListThatFitsHasNoScrollBar" computerName="DESKTOP-AUNE590" duration="00:00:00.0000997" startTime="2026-07-26T23:39:34.9823130+05:00" endTime="2026-07-26T23:39:34.9823302+05:00" testType="13cdc9d9-ddb5-4fa4-a97d-d965ccfc6d4b" outcome="Passed" testListId="8c84fa94-04c1-424b-9868-57a2d4851a1d" relativeResultsDirectory="62774299-0abb-4ae5-9eb0-3124985e3c98" />
    <UnitTestResult executionId="3f72fac5-0d84-46df-b2b8-1ab42104afd6" testId="2125a3e4-4da1-3971-5a34-70b178ada2a5" testName="Arlecchino.Tests.ScrollPaneTests.OnlyTheVisibleSliceIsDrawn" computerName="DESKTOP-AUNE590" duration="00:00:00.0001245" startTime="2026-07-26T23:39:34.9744554+05:00" endTime="2026-07-26T23:39:34.9745494+05:00" testType="13cdc9d9-ddb5-4fa4-a97d-d965ccfc6d4b" outcome="Passed" testListId="8c84fa94-04c1-424b-9868-57a2d4851a1d" relativeResultsDirectory="3f72fac5-0d84-46df-b2b8-1ab42104afd6" />
    <UnitTestResult executionId="2d05dc86-30c7-466b-b3b5-e0a00c0a390d" testId="8cb200ec-be8e-7c7a-38ad-57f10a93824b" testName="Arlecchino.Tests.TextAreaModalTests.EnterStartsANewLineInsteadOfConfirming" computerName="DESKTOP-AUNE590" duration="00:00:00.0004366" startTime="2026-07-26T23:39:33.2705759+05:00" endTime="2026-07-26T23:39:33.2707118+05:00" testType="13cdc9d9-ddb5-4fa4-a97d-d965ccfc6d4b" outcome="Passed" testListId="8c84fa94-04c1-424b-9868-57a2d4851a1d" relativeResultsDirectory="2d05dc86-30c7-466b-b3b5-e0a00c0a390d" />
    <UnitTestResult executionId="8ece27d3-77b7-46fb-a717-60114fe3d25b" testId="38a8330b-3056-d5d4-7eee-b61f3eeb326e" testName="Arlecchino.Tests.WidgetTests.ListBoxRespondsToWheelAndClicks" computerName="DESKTOP-AUNE590" duration="00:00:00.0003346" startTime="2026-07-26T23:39:34.9815139+05:00" endTime="2026-07-26T23:39:34.9818342+05:00" testType="13cdc9d9-ddb5-4fa4-a97d-d965ccfc6d4b" outcome="Passed" testListId="8c84fa94-04c1-424b-9868-57a2d4851a1d" relativeResultsDirectory="8ece27d3-77b7-46fb-a717-60114fe3d25b" />
    <UnitTestResult executionId="cbfdf8f4-8813-4ccc-8e60-3c44ba5f5b54" testId="8064cfc0-d2c1-3b9b-90eb-a6939ded4d5d" testName="Arlecchino.Tests.StateTests.ComputedTracksWhatItReads" computerName="DESKTOP-AUNE590" duration="00:00:00.0006017" startTime="2026-07-26T23:39:34.8023178+05:00" endTime="2026-07-26T23:39:34.8028781+05:00" testType="13cdc9d9-ddb5-4fa4-a97d-d965ccfc6d4b" outcome="Passed" testListId="8c84fa94-04c1-424b-9868-57a2d4851a1d" relativeResultsDirectory="cbfdf8f4-8813-4ccc-8e60-3c44ba5f5b54" />
    <UnitTestResult executionId="8580697c-6e32-41a8-9fee-5296336336af" testId="5bb95f95-bf05-7c9c-31ac-f7636765f3c0" testName="Arlecchino.Tests.StoreRegistrationTests.AScopedStoreIsBuiltOncePerScope" computerName="DESKTOP-AUNE590" duration="00:00:00.0002128" startTime="2026-07-26T23:39:34.8280168+05:00" endTime="2026-07-26T23:39:34.8282182+05:00" testType="13cdc9d9-ddb5-4fa4-a97d-d965ccfc6d4b" outcome="Passed" testListId="8c84fa94-04c1-424b-9868-57a2d4851a1d" relativeResultsDirectory="8580697c-6e32-41a8-9fee-5296336336af" />
    <UnitTestResult executionId="749964b5-f02e-4d5f-b8ec-9955cd1b41f5" testId="d33dd458-a8e0-50f8-e8d9-7c6baaa1f1d2" testName="Arlecchino.Tests.TextViewTests.LineBreaksInTheTextAreKept" computerName="DESKTOP-AUNE590" duration="00:00:00.0000465" startTime="2026-07-26T23:39:33.3634777+05:00" endTime="2026-07-26T23:39:33.3634970+05:00" testType="13cdc9d9-ddb5-4fa4-a97d-d965ccfc6d4b" outcome="Passed" testListId="8c84fa94-04c1-424b-9868-57a2d4851a1d" relativeResultsDirectory="749964b5-f02e-4d5f-b8ec-9955cd1b41f5" />
    <UnitTestResult executionId="e2619c26-0f5a-45fd-8d5b-f0d32def376d" testId="a55d328b-628d-7f54-28c2-096c21faa597" testName="Arlecchino.Tests.ResizeTests.AWindowTooSmallForTheViewIsAnswerWithTheNotice" computerName="DESKTOP-AUNE590" duration="00:00:00.0005137" startTime="2026-07-26T23:39:38.6100381+05:00" endTime="2026-07-26T23:39:38.6103357+05:00" testType="13cdc9d9-ddb5-4fa4-a97d-d965ccfc6d4b" outcome="Passed" testListId="8c84fa94-04c1-424b-9868-57a2d4851a1d" relativeResultsDirectory="e2619c26-0f5a-45fd-8d5b-f0d32def376d" />
    <UnitTestResult executionId="bd3a1084-9c55-4968-8547-3f90db5142c7" testId="ea6e6e24-559e-5de7-f40a-a8118798fc01" testName="Arlecchino.Tests.WidgetTests.StatusBarDropsTheRightSideWhenItDoesNotFit" computerName="DESKTOP-AUNE590" duration="00:00:00.0003323" startTime="2026-07-26T23:39:34.9867422+05:00" endTime="2026-07-26T23:39:34.9870329+05:00" testType="13cdc9d9-ddb5-4fa4-a97d-d965ccfc6d4b" outcome="Passed" testListId="8c84fa94-04c1-424b-9868-57a2d4851a1d" relativeResultsDirectory="bd3a1084-9c55-4968-8547-3f90db5142c7" />
    <UnitTestResult executionId="a61bf02b-34f0-447e-807a-891f26b90484" testId="accbd26c-91ba-f945-1296-455afddd5213" testName="Arlecchino.Tests.EmptyAndZeroInputTests.TruncateToNothing" computerName="DESKTOP-AUNE590" duration="00:00:00.0000345" startTime="2026-07-26T23:39:33.2865095+05:00" endTime="2026-07-26T23:39:33.2865308+05:00" testType="13cdc9d9-ddb5-4fa4-a97d-d965ccfc6d4b" outcome="Passed" testListId="8c84fa94-04c1-424b-9868-57a2d4851a1d" relativeResultsDirectory="a61bf02b-34f0-447e-807a-891f26b90484" />
    <UnitTestResult executionId="cd941407-6c68-4006-9aac-961305709dae" testId="5080e91b-030b-6f1e-d6f2-b47fe1d0bb87" testName="Arlecchino.Tests.ModalMouseTests.ClickingAColorChannelSelectsItAndSetsTheValue" computerName="DESKTOP-AUNE590" duration="00:00:00.0039205" startTime="2026-07-26T23:39:33.3171683+05:00" endTime="2026-07-26T23:39:33.3210738+05:00" testType="13cdc9d9-ddb5-4fa4-a97d-d965ccfc6d4b" outcome="Passed" testListId="8c84fa94-04c1-424b-9868-57a2d4851a1d" relativeResultsDirectory="cd941407-6c68-4006-9aac-961305709dae" />
    <UnitTestResult executionId="9cf59928-4242-40ce-a762-b99ca2814c63" testId="e3680c00-aaa6-23f8-0c1b-49b7f1818cf4" testName="Arlecchino.Tests.FormTests.ArrowsMoveTheSelection" computerName="DESKTOP-AUNE590" duration="00:00:00.0001432" startTime="2026-07-26T23:39:34.9981936+05:00" endTime="2026-07-26T23:39:34.9983061+05:00" testType="13cdc9d9-ddb5-4fa4-a97d-d965ccfc6d4b" outcome="Passed" testListId="8c84fa94-04c1-424b-9868-57a2d4851a1d" relativeResultsDirectory="9cf59928-4242-40ce-a762-b99ca2814c63" />
    <UnitTestResult executionId="2f604294-e7dd-453f-ae17-2febaa1bd523" testId="97f67c5c-5a96-eeec-cbba-774c34b0f3bb" testName="Arlecchino.Tests.NotificationTests.ClickingTheOutputRowOpensTheScreen" computerName="DESKTOP-AUNE590" duration="00:00:00.0004107" startTime="2026-07-26T23:39:34.8840360+05:00" endTime="2026-07-26T23:39:34.8844390+05:00" testType="13cdc9d9-ddb5-4fa4-a97d-d965ccfc6d4b" outcome="Passed" testListId="8c84fa94-04c1-424b-9868-57a2d4851a1d" relativeResultsDirectory="2f604294-e7dd-453f-ae17-2febaa1bd523" />
    <UnitTestResult executionId="0afbaa2a-ccbb-441f-88ea-b1c12e465feb" testId="11f2c4bb-d813-d317-6a93-844351f37e07" testName="Arlecchino.Tests.KeyBindingFallbackTests.CommandsRunWhenOnlyTheCharacterArrives" computerName="DESKTOP-AUNE590" duration="00:00:00.0002495" startTime="2026-07-26T23:39:35.0245901+05:00" endTime="2026-07-26T23:39:35.0248349+05:00" testType="13cdc9d9-ddb5-4fa4-a97d-d965ccfc6d4b" outcome="Passed" testListId="8c84fa94-04c1-424b-9868-57a2d4851a1d" relativeResultsDirectory="0afbaa2a-ccbb-441f-88ea-b1c12e465feb" />
    <UnitTestResult executionId="897a637d-bb64-4cba-a8ed-8a890e9407f1" testId="994def49-b227-a803-1475-598893f4dee8" testName="Arlecchino.Tests.NavigationTests.HintsOfTheCurrentViewAreDrawn" computerName="DESKTOP-AUNE590" duration="00:00:00.0002848" startTime="2026-07-26T23:39:38.6059093+05:00" endTime="2026-07-26T23:39:38.6061401+05:00" testType="13cdc9d9-ddb5-4fa4-a97d-d965ccfc6d4b" outcome="Passed" testListId="8c84fa94-04c1-424b-9868-57a2d4851a1d" relativeResultsDirectory="897a637d-bb64-4cba-a8ed-8a890e9407f1" />
    <UnitTestResult executionId="bb403f6f-83fe-4681-b8f0-842a1bb20098" testId="3664ace5-6d6d-bfb4-cdb5-174ea159c72b" testName="Arlecchino.Tests.DispatcherTests.PostingRequestsARepaint" computerName="DESKTOP-AUNE590" duration="00:00:00.0001040" startTime="2026-07-26T23:39:35.0212938+05:00" endTime="2026-07-26T23:39:35.0213441+05:00" testType="13cdc9d9-ddb5-4fa4-a97d-d965ccfc6d4b" outcome="Passed" testListId="8c84fa94-04c1-424b-9868-57a2d4851a1d" relativeResultsDirectory="bb403f6f-83fe-4681-b8f0-842a1bb20098" />
    <UnitTestResult executionId="a07b9590-36ea-4f2a-939a-7ca183e33446" testId="4e303560-dc6e-7feb-7c43-c43b9cb55317" testName="Arlecchino.Tests.LeakTests.AScopedStoreIsDisposedWithTheScreenThatAskedForIt" computerName="DESKTOP-AUNE590" duration="00:00:00.0012473" startTime="2026-07-26T23:39:34.7986650+05:00" endTime="2026-07-26T23:39:34.7998825+05:00" testType="13cdc9d9-ddb5-4fa4-a97d-d965ccfc6d4b" outcome="Passed" testListId="8c84fa94-04c1-424b-9868-57a2d4851a1d" relativeResultsDirectory="a07b9590-36ea-4f2a-939a-7ca183e33446" />
    <UnitTestResult executionId="343ce4e9-7834-4ea1-a14a-d5ca62aa6f20" testId="51feef74-ef18-5a10-de5e-003477ccea24" testName="Arlecchino.Tests.WindowsInputTranslatorTests.MovementWithNoButtonIsNotAnEvent" computerName="DESKTOP-AUNE590" duration="00:00:00.0001740" startTime="2026-07-26T23:39:35.0028093+05:00" endTime="2026-07-26T23:39:35.0030094+05:00" testType="13cdc9d9-ddb5-4fa4-a97d-d965ccfc6d4b" outcome="Passed" testListId="8c84fa94-04c1-424b-9868-57a2d4851a1d" relativeResultsDirectory="343ce4e9-7834-4ea1-a14a-d5ca62aa6f20" />
    <UnitTestResult executionId="d04c0793-cb48-4dbe-b6e4-a97b4a3b561a" testId="7bef48c2-d247-71df-c6e4-daaf55bdfd80" testName="Arlecchino.Tests.WidgetContractTests.AnInteractiveWidgetDrawsAndTakesInput(widget: typeof(Arlecchino.Widgets.Tabs))" computerName="DESKTOP-AUNE590" duration="00:00:00.0000012" startTime="2026-07-26T23:39:33.3545841+05:00" endTime="2026-07-26T23:39:33.3546022+05:00" testType="13cdc9d9-ddb5-4fa4-a97d-d965ccfc6d4b" outcome="Passed" testListId="8c84fa94-04c1-424b-9868-57a2d4851a1d" relativeResultsDirectory="d04c0793-cb48-4dbe-b6e4-a97b4a3b561a" />
    <UnitTestResult executionId="12b17be6-7bd0-41ed-affb-e1b7337ce966" testId="a8169b65-6a83-6ba9-ea1d-b47b1fc13df0" testName="Arlecchino.Tests.RobustnessTests.AKeyBindingThatMatchesNothing" computerName="DESKTOP-AUNE590" duration="00:00:00.0000535" startTime="2026-07-26T23:39:38.4651913+05:00" endTime="2026-07-26T23:39:38.4652116+05:00" testType="13cdc9d9-ddb5-4fa4-a97d-d965ccfc6d4b" outcome="Passed" testListId="8c84fa94-04c1-424b-9868-57a2d4851a1d" relativeResultsDirectory="12b17be6-7bd0-41ed-affb-e1b7337ce966" />
    <UnitTestResult executionId="fbf0ae2c-746f-428b-9f4a-f1f880ca5ff4" testId="49d43013-1929-c1e4-bcf1-31cbffd78ea5" testName="Arlecchino.Tests.TextModalTests.ControlUErasesEverythingBeforeTheCaret" computerName="DESKTOP-AUNE590" duration="00:00:00.0004099" startTime="2026-07-26T23:39:38.5931838+05:00" endTime="2026-07-26T23:39:38.5934431+05:00" testType="13cdc9d9-ddb5-4fa4-a97d-d965ccfc6d4b" outcome="Passed" testListId="8c84fa94-04c1-424b-9868-57a2d4851a1d" relativeResultsDirectory="fbf0ae2c-746f-428b-9f4a-f1f880ca5ff4" />
    <UnitTestResult executionId="f8adb6a5-12b9-4b0b-a763-a597c65998db" testId="847f5fb5-00a2-14af-032f-0cbbeee30ee1" testName="Arlecchino.Tests.TextModalTests.ControlRightMovesPastTheNextWord" computerName="DESKTOP-AUNE590" duration="00:00:00.0004720" startTime="2026-07-26T23:39:38.5915596+05:00" endTime="2026-07-26T23:39:38.5920413+05:00" testType="13cdc9d9-ddb5-4fa4-a97d-d965ccfc6d4b" outcome="Passed" testListId="8c84fa94-04c1-424b-9868-57a2d4851a1d" relativeResultsDirectory="f8adb6a5-12b9-4b0b-a763-a597c65998db" />
    <UnitTestResult executionId="51b272f8-5a06-481d-a38a-37a123936af7" testId="7b583dd0-372f-83e1-842c-a34416e55f03" testName="Arlecchino.Tests.NavigationFailureTests.TheScreenStillWorksAfterAFailedNavigation" computerName="DESKTOP-AUNE590" duration="00:00:00.0002782" startTime="2026-07-26T23:39:35.1475890+05:00" endTime="2026-07-26T23:39:35.1478398+05:00" testType="13cdc9d9-ddb5-4fa4-a97d-d965ccfc6d4b" outcome="Passed" testListId="8c84fa94-04c1-424b-9868-57a2d4851a1d" relativeResultsDirectory="51b272f8-5a06-481d-a38a-37a123936af7" />
    <UnitTestResult executionId="56bca07e-3d9d-40a4-ac63-2ca27d9ec07a" testId="c831809b-9ebf-be8d-5bcd-6a0124879258" testName="Arlecchino.Tests.HostedInputTests.FramesKeepBeingDrawnAfterInput" computerName="DESKTOP-AUNE590" duration="00:00:00.0194309" startTime="2026-07-26T23:39:35.0298212+05:00" endTime="2026-07-26T23:39:35.0495416+05:00" testType="13cdc9d9-ddb5-4fa4-a97d-d965ccfc6d4b" outcome="Passed" testListId="8c84fa94-04c1-424b-9868-57a2d4851a1d" relativeResultsDirectory="56bca07e-3d9d-40a4-ac63-2ca27d9ec07a" />
    <UnitTestResult executionId="bcf6cc40-9be9-46a6-895e-8ca73ae4fcbf" testId="78ac5377-c7e9-a6b0-746d-9389b98b0361" testName="Arlecchino.Tests.LogOverlayTests.LinesLoggedFromManyThreadsAreAllKept" computerName="DESKTOP-AUNE590" duration="00:00:00.0034185" startTime="2026-07-26T23:39:35.0137627+05:00" endTime="2026-07-26T23:39:35.0171537+05:00" testType="13cdc9d9-ddb5-4fa4-a97d-d965ccfc6d4b" outcome="Passed" testListId="8c84fa94-04c1-424b-9868-57a2d4851a1d" relativeResultsDirectory="bcf6cc40-9be9-46a6-895e-8ca73ae4fcbf" />
    <UnitTestResult executionId="a641a399-0fab-4ac3-9e55-ab3d1ae321bc" testId="021c0c57-1a0f-66c4-40e0-9ad1d269c4b2" testName="Arlecchino.Tests.MouseTests.ViewCanNavigateFromAClick" computerName="DESKTOP-AUNE590" duration="00:00:00.0003762" startTime="2026-07-26T23:39:38.6116674+05:00" endTime="2026-07-26T23:39:38.6120317+05:00" testType="13cdc9d9-ddb5-4fa4-a97d-d965ccfc6d4b" outcome="Passed" testListId="8c84fa94-04c1-424b-9868-57a2d4851a1d" relativeResultsDirectory="a641a399-0fab-4ac3-9e55-ab3d1ae321bc" />
    <UnitTestResult executionId="df478485-98c8-4249-86eb-776201f7b6e0" testId="8bb2e193-6b1a-12d2-3c3a-f92584d1a39b" testName="Arlecchino.Tests.TextModalTests.TypingGoesInAtTheCaretAfterMovingLeft" computerName="DESKTOP-AUNE590" duration="00:00:00.0002795" startTime="2026-07-26T23:39:38.5954472+05:00" endTime="2026-07-26T23:39:38.5954732+05:00" testType="13cdc9d9-ddb5-4fa4-a97d-d965ccfc6d4b" outcome="Passed" testListId="8c84fa94-04c1-424b-9868-57a2d4851a1d" relativeResultsDirectory="df478485-98c8-4249-86eb-776201f7b6e0" />
    <UnitTestResult executionId="94cb6639-2f07-42db-9615-2280f1239cf2" testId="1dff0888-63bd-82e0-304b-8f72b78c087b" testName="Arlecchino.Tests.NavigationTests.NoneKeepsTheCurrentView" computerName="DESKTOP-AUNE590" duration="00:00:00.0002270" startTime="2026-07-26T23:39:38.6049664+05:00" endTime="2026-07-26T23:39:38.6050737+05:00" testType="13cdc9d9-ddb5-4fa4-a97d-d965ccfc6d4b" outcome="Passed" testListId="8c84fa94-04c1-424b-9868-57a2d4851a1d" relativeResultsDirectory="94cb6639-2f07-42db-9615-2280f1239cf2" />
    <UnitTestResult executionId="5a67ee22-c3a3-4083-b912-0e76c407563f" testId="fb49d3e7-0be5-da26-885e-9af8a3ed110e" testName="Arlecchino.Tests.ScrollPaneTests.ContentOutsideThePaneNeverReachesItsNeighbours" computerName="DESKTOP-AUNE590" duration="00:00:00.0003263" startTime="2026-07-26T23:39:34.9741160+05:00" endTime="2026-07-26T23:39:34.9744049+05:00" testType="13cdc9d9-ddb5-4fa4-a97d-d965ccfc6d4b" outcome="Passed" testListId="8c84fa94-04c1-424b-9868-57a2d4851a1d" relativeResultsDirectory="5a67ee22-c3a3-4083-b912-0e76c407563f" />
    <UnitTestResult executionId="4ef054a9-dbe7-4767-9399-96f92b3bd983" testId="9271e791-59a0-4a6e-dd5a-3627b7bce726" testName="Arlecchino.Tests.FilePickerPlacesTests.PlacesComeBeforeTheFoldersTheFrameworkOffers" computerName="DESKTOP-AUNE590" duration="00:00:00.0017058" startTime="2026-07-26T23:39:34.8207346+05:00" endTime="2026-07-26T23:39:34.8223953+05:00" testType="13cdc9d9-ddb5-4fa4-a97d-d965ccfc6d4b" outcome="Passed" testListId="8c84fa94-04c1-424b-9868-57a2d4851a1d" relativeResultsDirectory="4ef054a9-dbe7-4767-9399-96f92b3bd983" />
    <UnitTestResult executionId="642af1ab-dfbf-4428-b611-5c62f8c3e2a3" testId="48728a91-9087-71c8-4ea6-025dafe77839" testName="Arlecchino.Tests.DocumentationTests.EveryFilePickerStringIsInTheLocalizationPage" computerName="DESKTOP-AUNE590" duration="00:00:00.0001653" startTime="2026-07-26T23:39:35.1562012+05:00" endTime="2026-07-26T23:39:35.1563763+05:00" testType="13cdc9d9-ddb5-4fa4-a97d-d965ccfc6d4b" outcome="Passed" testListId="8c84fa94-04c1-424b-9868-57a2d4851a1d" relativeResultsDirectory="642af1ab-dfbf-4428-b611-5c62f8c3e2a3" />
    <UnitTestResult executionId="abeb7a2e-0ad3-45a9-b9c5-5d6c9ccb10ca" testId="fa84e904-409a-f238-0db2-529f75346e3d" testName="Arlecchino.Tests.ViewCommandTests.PaletteListsViewCommandsBeforeApplicationCommands" computerName="DESKTOP-AUNE590" duration="00:00:00.0004970" startTime="2026-07-26T23:39:34.9800751+05:00" endTime="2026-07-26T23:39:34.9805704+05:00" testType="13cdc9d9-ddb5-4fa4-a97d-d965ccfc6d4b" outcome="Passed" testListId="8c84fa94-04c1-424b-9868-57a2d4851a1d" relativeResultsDirectory="abeb7a2e-0ad3-45a9-b9c5-5d6c9ccb10ca" />
    <UnitTestResult executionId="6e8c9273-c664-4891-8656-0e6f1efcbdd0" testId="5f55feac-0da9-bd4f-505c-f55ad9284238" testName="Arlecchino.Tests.GeneratorTests.AbstractViewsAreSkipped" computerName="DESKTOP-AUNE590" duration="00:00:00.0326432" startTime="2026-07-26T23:39:34.6194937+05:00" endTime="2026-07-26T23:39:34.6521180+05:00" testType="13cdc9d9-ddb5-4fa4-a97d-d965ccfc6d4b" outcome="Passed" testListId="8c84fa94-04c1-424b-9868-57a2d4851a1d" relativeResultsDirectory="6e8c9273-c664-4891-8656-0e6f1efcbdd0" />
    <UnitTestResult executionId="8699cee0-6a4e-456c-b0eb-4d229e4d9bfb" testId="083b5c16-4409-d3e9-40ad-560bdbea8cbe" testName="Arlecchino.Tests.HelpViewTests.TheHelpKeyOpensTheScreen" computerName="DESKTOP-AUNE590" duration="00:00:00.0002012" startTime="2026-07-26T23:39:34.9920523+05:00" endTime="2026-07-26T23:39:34.9921932+05:00" testType="13cdc9d9-ddb5-4fa4-a97d-d965ccfc6d4b" outcome="Passed" testListId="8c84fa94-04c1-424b-9868-57a2d4851a1d" relativeResultsDirectory="8699cee0-6a4e-456c-b0eb-4d229e4d9bfb" />
    <UnitTestResult executionId="b6c102b2-240d-4ce1-a59b-4ec70d57e832" testId="1605d7af-a241-0917-00f1-60c12b7efaa8" testName="Arlecchino.Tests.KeymapTests.RemappedCancelIsUsedByModals" computerName="DESKTOP-AUNE590" duration="00:00:00.0004211" startTime="2026-07-26T23:39:35.0112971+05:00" endTime="2026-07-26T23:39:35.0113474+05:00" testType="13cdc9d9-ddb5-4fa4-a97d-d965ccfc6d4b" outcome="Passed" testListId="8c84fa94-04c1-424b-9868-57a2d4851a1d" relativeResultsDirectory="b6c102b2-240d-4ce1-a59b-4ec70d57e832" />
    <UnitTestResult executionId="b3f39b0b-328c-403d-8f64-4608649cd5b9" testId="ec6e74b4-0d92-a276-63fb-ec74afcb9230" testName="Arlecchino.Tests.TextWidthTests.EastAsianCharactersTakeTwoColumns" computerName="DESKTOP-AUNE590" duration="00:00:00.0000226" startTime="2026-07-26T23:39:35.1424504+05:00" endTime="2026-07-26T23:39:35.1424646+05:00" testType="13cdc9d9-ddb5-4fa4-a97d-d965ccfc6d4b" outcome="Passed" testListId="8c84fa94-04c1-424b-9868-57a2d4851a1d" relativeResultsDirectory="b3f39b0b-328c-403d-8f64-4608649cd5b9" />
    <UnitTestResult executionId="f83a9f94-bdf7-4976-bc7b-1f09d6f12b41" testId="38ca6ff5-581f-0778-bc13-b375e54b1bc3" testName="Arlecchino.Tests.NavigationFailureTests.AFailedNavigationLeavesNothingInTheHistory" computerName="DESKTOP-AUNE590" duration="00:00:00.0005024" startTime="2026-07-26T23:39:35.1470299+05:00" endTime="2026-07-26T23:39:35.1475266+05:00" testType="13cdc9d9-ddb5-4fa4-a97d-d965ccfc6d4b" outcome="Passed" testListId="8c84fa94-04c1-424b-9868-57a2d4851a1d" relativeResultsDirectory="f83a9f94-bdf7-4976-bc7b-1f09d6f12b41" />
    <UnitTestResult executionId="2d22ffd3-0a00-45e5-bd93-8cb735fea09b" testId="b4704866-8f4f-9806-143c-e59a1bfb9011" testName="Arlecchino.Tests.ScrollPaneTests.ScrollingMovesTheWindowOverTheContent" computerName="DESKTOP-AUNE590" duration="00:00:00.0001303" startTime="2026-07-26T23:39:34.9746451+05:00" endTime="2026-07-26T23:39:34.9747545+05:00" testType="13cdc9d9-ddb5-4fa4-a97d-d965ccfc6d4b" outcome="Passed" testListId="8c84fa94-04c1-424b-9868-57a2d4851a1d" relativeResultsDirectory="2d22ffd3-0a00-45e5-bd93-8cb735fea09b" />
    <UnitTestResult executionId="ebb47e8a-17cd-450d-91a0-917bfe56ce7f" testId="f01f90a2-0770-9eac-c839-29d65285f1d5" testName="Arlecchino.Tests.TextModalTests.TypingBuildsTheTextAndEnterSubmitsIt" computerName="DESKTOP-AUNE590" duration="00:00:00.0003109" startTime="2026-07-26T23:39:38.5947950+05:00" endTime="2026-07-26T23:39:38.5950503+05:00" testType="13cdc9d9-ddb5-4fa4-a97d-d965ccfc6d4b" outcome="Passed" testListId="8c84fa94-04c1-424b-9868-57a2d4851a1d" relativeResultsDirectory="ebb47e8a-17cd-450d-91a0-917bfe56ce7f" />
    <UnitTestResult executionId="5065a887-1473-4555-9aaf-80add16e7825" testId="af33ccb4-ae48-a7fe-b6df-4348947e2f14" testName="Arlecchino.Tests.WindowsInputTranslatorTests.ReleaseAfterADragIsStillAReleaseOfThatButton" computerName="DESKTOP-AUNE590" duration="00:00:00.0000557" startTime="2026-07-26T23:39:35.0076939+05:00" endTime="2026-07-26T23:39:35.0077115+05:00" testType="13cdc9d9-ddb5-4fa4-a97d-d965ccfc6d4b" outcome="Passed" testListId="8c84fa94-04c1-424b-9868-57a2d4851a1d" relativeResultsDirectory="5065a887-1473-4555-9aaf-80add16e7825" />
    <UnitTestResult executionId="3c007657-abef-473d-810e-5b01ddf3f473" testId="d0467b55-5caf-40b5-595b-16008f40b4ee" testName="Arlecchino.Tests.TextAreaModalTests.EscapeThrowsTheTextAway" computerName="DESKTOP-AUNE590" duration="00:00:00.0002372" startTime="2026-07-26T23:39:33.2725758+05:00" endTime="2026-07-26T23:39:33.2727575+05:00" testType="13cdc9d9-ddb5-4fa4-a97d-d965ccfc6d4b" outcome="Passed" testListId="8c84fa94-04c1-424b-9868-57a2d4851a1d" relativeResultsDirectory="3c007657-abef-473d-810e-5b01ddf3f473" />
    <UnitTestResult executionId="2c53d67b-fe64-44c0-87e2-f60b5d3ef7bf" testId="fefdc22f-7d78-716a-fe0d-a552896da6a9" testName="Arlecchino.Tests.LogOverlayTests.TheOverlayIsHiddenUntilItsKeyIsPressed" computerName="DESKTOP-AUNE590" duration="00:00:00.0013402" startTime="2026-07-26T23:39:35.0124136+05:00" endTime="2026-07-26T23:39:35.0137034+05:00" testType="13cdc9d9-ddb5-4fa4-a97d-d965ccfc6d4b" outcome="Passed" testListId="8c84fa94-04c1-424b-9868-57a2d4851a1d" relativeResultsDirectory="2c53d67b-fe64-44c0-87e2-f60b5d3ef7bf" />
    <UnitTestResult executionId="86eec51d-58e3-4ae8-8960-af1bf7e85075" testId="3739c200-779b-dd70-338d-a07501084a79" testName="Arlecchino.Tests.GeneratorTests.RoutesAreNamedAfterViewsWithoutTheSuffix" computerName="DESKTOP-AUNE590" duration="00:00:00.0431499" startTime="2026-07-26T23:39:34.6845090+05:00" endTime="2026-07-26T23:39:34.7276793+05:00" testType="13cdc9d9-ddb5-4fa4-a97d-d965ccfc6d4b" outcome="Passed" testListId="8c84fa94-04c1-424b-9868-57a2d4851a1d" relativeResultsDirectory="86eec51d-58e3-4ae8-8960-af1bf7e85075" />
    <UnitTestResult executionId="6cf32c13-d310-45b5-83b8-6e389031b935" testId="6a05cf78-4365-46df-e0fd-af0f341165e0" testName="Arlecchino.Tests.TextModalTests.BackspaceRemovesTheCharacterBeforeTheCaret" computerName="DESKTOP-AUNE590" duration="00:00:00.0003569" startTime="2026-07-26T23:39:38.5963155+05:00" endTime="2026-07-26T23:39:38.5966266+05:00" testType="13cdc9d9-ddb5-4fa4-a97d-d965ccfc6d4b" outcome="Passed" testListId="8c84fa94-04c1-424b-9868-57a2d4851a1d" relativeResultsDirectory="6cf32c13-d310-45b5-83b8-6e389031b935" />
    <UnitTestResult executionId="c0ffd118-e58d-4b4a-9562-9d375dfa3fcd" testId="9f288206-6994-01c7-f549-b4d6576da410" testName="Arlecchino.Tests.TextModalTests.FailedValidationKeepsTheModalOpenAndShowsTheMessage" computerName="DESKTOP-AUNE590" duration="00:00:00.0005293" startTime="2026-07-26T23:39:38.5924513+05:00" endTime="2026-07-26T23:39:38.5929841+05:00" testType="13cdc9d9-ddb5-4fa4-a97d-d965ccfc6d4b" outcome="Passed" testListId="8c84fa94-04c1-424b-9868-57a2d4851a1d" relativeResultsDirectory="c0ffd118-e58d-4b4a-9562-9d375dfa3fcd" />
    <UnitTestResult executionId="33e2dd6c-8e30-47d1-812b-3800b7feb51d" testId="ee4a1eee-263c-a323-8cf2-7ad944fb11ed" testName="Arlecchino.Tests.FormTests.TheHelpRowIsOnlyThereWhenTheSelectedFieldHasHelp" computerName="DESKTOP-AUNE590" duration="00:00:00.0005000" startTime="2026-07-26T23:39:35.0006715+05:00" endTime="2026-07-26T23:39:35.0011437+05:00" testType="13cdc9d9-ddb5-4fa4-a97d-d965ccfc6d4b" outcome="Passed" testListId="8c84fa94-04c1-424b-9868-57a2d4851a1d" relativeResultsDirectory="33e2dd6c-8e30-47d1-812b-3800b7feb51d" />
[...]
    <TestEntry testId="9caf9e27-4dad-f093-8d98-5ba54b5100b1" executionId="0f9bea5f-ad0a-480e-8d4f-244edc4d94da" testListId="8c84fa94-04c1-424b-9868-57a2d4851a1d" />
    <TestEntry testId="fc8790d3-4523-29e1-67cc-de9f0f786ebc" executionId="faea9651-1026-42de-9f0d-8ee952c04a89" testListId="8c84fa94-04c1-424b-9868-57a2d4851a1d" />
    <TestEntry testId="21f199f3-177a-d24d-6630-e81edda86446" executionId="2ed082e7-0b78-4a67-88f2-5ec1693b5e88" testListId="8c84fa94-04c1-424b-9868-57a2d4851a1d" />
    <TestEntry testId="d2b62ff0-293b-cf25-5ea9-2e10c4e24948" executionId="2c92244c-3bb9-4576-b9d2-81f1f01d8447" testListId="8c84fa94-04c1-424b-9868-57a2d4851a1d" />
    <TestEntry testId="11daeadc-a931-60b7-3355-f35f4780d6c9" executionId="69a91b8b-2083-4f7d-a1c5-c6d7f60aad83" testListId="8c84fa94-04c1-424b-9868-57a2d4851a1d" />
    <TestEntry testId="165e389f-32a2-4d1e-3695-6f37de90a448" executionId="ba1205b8-9f23-4534-a10f-fbe96fc43361" testListId="8c84fa94-04c1-424b-9868-57a2d4851a1d" />
    <TestEntry testId="5be32bf7-ff43-498c-1253-1b489dbf58f7" executionId="4db35703-39a1-460b-8aab-831a74b91282" testListId="8c84fa94-04c1-424b-9868-57a2d4851a1d" />
    <TestEntry testId="e88dacb5-95a6-f11c-19fa-7c3b2c13f66b" executionId="1633f11d-7963-47ce-8a8a-333224952393" testListId="8c84fa94-04c1-424b-9868-57a2d4851a1d" />
    <TestEntry testId="745703f7-33c1-3ad9-c82d-700220df6432" executionId="2b3bd913-b50c-4edc-b753-1a1f504e5bc6" testListId="8c84fa94-04c1-424b-9868-57a2d4851a1d" />
    <TestEntry testId="ad5cb603-efc0-4fc6-3477-dd5d19ac00c7" executionId="ad806c1c-72ec-4e3f-bf3c-9b7bca152e24" testListId="8c84fa94-04c1-424b-9868-57a2d4851a1d" />
    <TestEntry testId="4671ff94-5fa4-43ee-4ca6-0f6833ac4103" executionId="16d3b777-c05c-4eda-9e3d-949695f232ad" testListId="8c84fa94-04c1-424b-9868-57a2d4851a1d" />
    <TestEntry testId="b920e970-5ce7-178c-61cf-6c999320f2e9" executionId="3cd095ca-95f4-4eeb-9a9c-9ff9da0f4967" testListId="8c84fa94-04c1-424b-9868-57a2d4851a1d" />
    <TestEntry testId="265ee92d-06bf-9db1-ea79-1c852614e196" executionId="959e81e5-e2fa-4d96-b2b7-2048d5986501" testListId="8c84fa94-04c1-424b-9868-57a2d4851a1d" />
    <TestEntry testId="0a8a5836-5204-b1b7-00ce-40b7b24d1393" executionId="1dc3ee10-b1cf-4deb-9dae-a92fa6238c45" testListId="8c84fa94-04c1-424b-9868-57a2d4851a1d" />
    <TestEntry testId="0823042a-8081-803a-f429-22241120238b" executionId="d1742b28-ff80-481f-962c-9722aed5ed51" testListId="8c84fa94-04c1-424b-9868-57a2d4851a1d" />
    <TestEntry testId="3048c29e-31c1-8ad8-e273-c8a3a3f4092a" executionId="5288750f-63a5-4d68-b0e4-087d2a2cfece" testListId="8c84fa94-04c1-424b-9868-57a2d4851a1d" />
    <TestEntry testId="0b4848fb-3948-96b0-4ea7-d484548fb47b" executionId="f0bc7c52-6b76-4d7a-a0c1-4fd0dd6e2c78" testListId="8c84fa94-04c1-424b-9868-57a2d4851a1d" />
    <TestEntry testId="813f3176-6428-bdd9-3d10-59ac393a3f29" executionId="b33407dc-a961-4d19-a045-04df3336620a" testListId="8c84fa94-04c1-424b-9868-57a2d4851a1d" />
    <TestEntry testId="9449ed10-d267-9dfa-d50f-95c06fe59fde" executionId="35ab75c5-ecb9-4291-acd3-cce065b45f0f" testListId="8c84fa94-04c1-424b-9868-57a2d4851a1d" />
    <TestEntry testId="a97ed260-dc70-fc33-c2b0-26cb04ac4f2c" executionId="6ec26110-f75c-422c-9907-fb1c8a4a0dff" testListId="8c84fa94-04c1-424b-9868-57a2d4851a1d" />
    <TestEntry testId="4e20e155-7301-155e-2cbb-19354cef712f" executionId="9b719843-0550-4f68-b9a2-67c14956b0b8" testListId="8c84fa94-04c1-424b-9868-57a2d4851a1d" />
    <TestEntry testId="7ed3aa81-e409-3e05-28e3-4d9035ae90bb" executionId="ba9cb647-d057-4a51-8482-5230cd4f6a08" testListId="8c84fa94-04c1-424b-9868-57a2d4851a1d" />
    <TestEntry testId="3ceb15b1-7d0f-b518-dbc6-76d5a00be839" executionId="ebeb1a74-dfbe-4838-9894-92cde2cf38de" testListId="8c84fa94-04c1-424b-9868-57a2d4851a1d" />
    <TestEntry testId="813ad4f3-30d8-b118-65a5-94c6e446ef3b" executionId="24533a12-ab05-4843-b7b3-d701ddc7a5f9" testListId="8c84fa94-04c1-424b-9868-57a2d4851a1d" />
    <TestEntry testId="8e999a87-840c-85d5-c528-8dd1f6ffdac5" executionId="ef88f0d6-34fb-4d34-8c44-ed704e56522b" testListId="8c84fa94-04c1-424b-9868-57a2d4851a1d" />
    <TestEntry testId="36bd60da-20ed-9f4e-5380-5dfec32c548e" executionId="b3efab73-896d-4981-b7d6-3d4fe902e2d4" testListId="8c84fa94-04c1-424b-9868-57a2d4851a1d" />
    <TestEntry testId="57f092df-4038-1640-7671-62c0eae09256" executionId="855819ea-7fc9-4377-9615-a09a831e5994" testListId="8c84fa94-04c1-424b-9868-57a2d4851a1d" />
    <TestEntry testId="dab75c11-fba9-f389-41b9-288b910ef90a" executionId="10ade024-f861-4205-aa59-ce793a5b80f7" testListId="8c84fa94-04c1-424b-9868-57a2d4851a1d" />
    <TestEntry testId="327c1284-4eb0-7acb-0e92-2fb14bb01637" executionId="41d12211-a57d-46e7-9fde-b31eee1ba541" testListId="8c84fa94-04c1-424b-9868-57a2d4851a1d" />
    <TestEntry testId="f3038771-f2e0-3da0-0d30-915a5c8392cf" executionId="0f1bdbc1-342c-4bf7-949c-1052ffe3b75c" testListId="8c84fa94-04c1-424b-9868-57a2d4851a1d" />
    <TestEntry testId="7836cc27-f77d-ef46-3fa1-c7dfbb2be790" executionId="f0db8483-38d9-46fd-87b5-302f24ec1e6d" testListId="8c84fa94-04c1-424b-9868-57a2d4851a1d" />
    <TestEntry testId="a9f871df-e96d-a4a1-8a67-3803f6926272" executionId="6f8d23d9-c832-40b8-a090-d2658895cb22" testListId="8c84fa94-04c1-424b-9868-57a2d4851a1d" />
    <TestEntry testId="76a20a3d-df1f-d00b-9f33-b247d9b1728b" executionId="0deef863-966f-4730-9b77-be20ed4a6cbc" testListId="8c84fa94-04c1-424b-9868-57a2d4851a1d" />
    <TestEntry testId="4bd54b5e-d9c0-4a99-4c36-0edf8c4132cf" executionId="52618849-9137-42c8-97c5-2095fece6452" testListId="8c84fa94-04c1-424b-9868-57a2d4851a1d" />
    <TestEntry testId="f449addf-e0be-6e8b-c7c9-e62bf35907c8" executionId="62db33bf-4760-4a52-aaea-41c13b2cd38c" testListId="8c84fa94-04c1-424b-9868-57a2d4851a1d" />
    <TestEntry testId="1da0fc64-fd71-c2cb-bdcf-476085364721" executionId="53bec3b6-897d-4b5d-84f6-53b66b5488c8" testListId="8c84fa94-04c1-424b-9868-57a2d4851a1d" />
    <TestEntry testId="5ded7ea8-c7af-97db-8c9b-65c0b8f1f4cd" executionId="3963d3aa-157b-4512-80dd-674cce97abbd" testListId="8c84fa94-04c1-424b-9868-57a2d4851a1d" />
    <TestEntry testId="e444b651-6155-3790-7c5e-13437a13440d" executionId="4cf6b167-e14c-4a91-b3c0-0e8db24764fd" testListId="8c84fa94-04c1-424b-9868-57a2d4851a1d" />
    <TestEntry testId="1b9504c4-19d8-1399-d8bb-08ad8b9d8d1b" executionId="7f95517d-1698-4917-a75d-99353a4fe625" testListId="8c84fa94-04c1-424b-9868-57a2d4851a1d" />
    <TestEntry testId="67f53dda-2a94-9de6-a4c2-bf689b820e7a" executionId="dbfb6645-43c2-4a62-bed6-6fb5f5afd843" testListId="8c84fa94-04c1-424b-9868-57a2d4851a1d" />
    <TestEntry testId="24d59f86-4c63-2fde-a5e0-c683391fd437" executionId="618c19db-ba86-4019-9691-9c777d3739a2" testListId="8c84fa94-04c1-424b-9868-57a2d4851a1d" />
    <TestEntry testId="71fd2dc8-ba71-3f26-b6d0-eae124692cf2" executionId="208091d5-40c8-48df-8b13-e3f64e8331f4" testListId="8c84fa94-04c1-424b-9868-57a2d4851a1d" />
    <TestEntry testId="647aef97-2c33-0c04-af8b-3ffa3a27c026" executionId="05182cbb-7df1-4e78-a660-096300e26902" testListId="8c84fa94-04c1-424b-9868-57a2d4851a1d" />
    <TestEntry testId="31d1ded1-e764-7461-685b-e5053d6c9786" executionId="b7b0d486-c655-4e7f-9c47-ffc851c97fce" testListId="8c84fa94-04c1-424b-9868-57a2d4851a1d" />
    <TestEntry testId="0308cdd6-e266-0e06-ba48-ce4f43890488" executionId="5a06089e-6a83-4ff4-81d3-b60d6c4ee964" testListId="8c84fa94-04c1-424b-9868-57a2d4851a1d" />
    <TestEntry testId="b95372f6-dafd-cf5c-78d9-6c6990ad96b3" executionId="0ba1084b-6bbd-4fdd-a2e5-65ce6748f32c" testListId="8c84fa94-04c1-424b-9868-57a2d4851a1d" />
    <TestEntry testId="3ab3b7f8-fcbf-492f-ccaa-3fc7516e7dd2" executionId="17cbfece-9ef6-49f8-9982-6da4a7fc6817" testListId="8c84fa94-04c1-424b-9868-57a2d4851a1d" />
    <TestEntry testId="da400ab2-3f3d-f762-ef95-dfde0082047f" executionId="085fd507-6f55-415a-9d45-a930f7e7ae73" testListId="8c84fa94-04c1-424b-9868-57a2d4851a1d" />
    <TestEntry testId="1bafaac8-bf4e-63d4-9b73-b0de689fe285" executionId="4e9c55c8-ab03-4e46-a3ef-ed22061e5759" testListId="8c84fa94-04c1-424b-9868-57a2d4851a1d" />
    <TestEntry testId="c35e7962-bdcf-7b1f-089c-6cff0b205fb9" executionId="15ea806e-1018-4f4d-8a59-c894649a5bee" testListId="8c84fa94-04c1-424b-9868-57a2d4851a1d" />
    <TestEntry testId="98379e14-54fd-741a-d9e9-eb3274b21877" executionId="bd1add0f-28fe-47f6-b20a-eed7a45370c9" testListId="8c84fa94-04c1-424b-9868-57a2d4851a1d" />
    <TestEntry testId="cc9c0817-bcdd-10b9-9743-8abacb79a138" executionId="675da9b0-5fe6-46c3-acd1-6e4e954e9e25" testListId="8c84fa94-04c1-424b-9868-57a2d4851a1d" />
    <TestEntry testId="d59e5382-259f-c47d-d472-3914fe710720" executionId="2d440096-86f4-4bfb-a952-5757decff736" testListId="8c84fa94-04c1-424b-9868-57a2d4851a1d" />
    <TestEntry testId="36963228-f0f0-db2c-95aa-693a5433d5ac" executionId="ae09c930-e17d-4d57-bbc4-9fefc759b62e" testListId="8c84fa94-04c1-424b-9868-57a2d4851a1d" />
    <TestEntry testId="d0be8213-634e-c9cc-4298-c9205081d6f2" executionId="9787c53d-ef51-4dd9-bf57-bbe2d1bad6f1" testListId="8c84fa94-04c1-424b-9868-57a2d4851a1d" />
    <TestEntry testId="640324f8-2409-4b02-625b-d76f14b35d88" executionId="32ef7355-52ef-4d7c-a954-0d8aa456ab8a" testListId="8c84fa94-04c1-424b-9868-57a2d4851a1d" />
    <TestEntry testId="b464f22d-36f1-71fd-9884-3a40376162c8" executionId="f273d317-f486-4015-aa5f-a6a0531783bc" testListId="8c84fa94-04c1-424b-9868-57a2d4851a1d" />
    <TestEntry testId="697e9ed4-e31d-a744-1e82-ebeda6ded5ca" executionId="c542fb82-0f9f-47f0-ba11-8a744698d0af" testListId="8c84fa94-04c1-424b-9868-57a2d4851a1d" />
    <TestEntry testId="d2b81a63-10bf-b72d-9d18-de952f011dbc" executionId="a679c60d-15fb-428c-834e-5755ae93cbc5" testListId="8c84fa94-04c1-424b-9868-57a2d4851a1d" />
    <TestEntry testId="abc2f7c3-1e8b-a836-832f-9dd107aed01e" executionId="cd12b13b-ffab-498a-b2b3-767856b50e02" testListId="8c84fa94-04c1-424b-9868-57a2d4851a1d" />
    <TestEntry testId="a7e0b5b4-5f2f-d1d2-4741-5194bd8fa376" executionId="38acb810-7d5e-4e60-9c92-5ce0a4232499" testListId="8c84fa94-04c1-424b-9868-57a2d4851a1d" />
    <TestEntry testId="dc58bc45-21d2-82ad-4327-912b7161ffe1" executionId="d81f3037-be8b-4b9b-86fe-8fad3ed95b8e" testListId="8c84fa94-04c1-424b-9868-57a2d4851a1d" />
    <TestEntry testId="917b2717-88ac-562d-7013-8fb319c52aac" executionId="2dafbfca-ae54-4028-b5ae-5d1cf42fe029" testListId="8c84fa94-04c1-424b-9868-57a2d4851a1d" />
    <TestEntry testId="226e86b5-9123-4438-fd33-6eac498feeb7" executionId="0921766c-ff30-4506-90b8-b345fddf2c1b" testListId="8c84fa94-04c1-424b-9868-57a2d4851a1d" />
    <TestEntry testId="bb95177d-c658-be83-43d8-e9afa61c0791" executionId="0d903cf2-c2c4-4481-b15c-2927ddb65085" testListId="8c84fa94-04c1-424b-9868-57a2d4851a1d" />
    <TestEntry testId="8f05f1d4-cb41-e22b-1728-1dc457e81f0a" executionId="6b206ac0-36e4-424b-a173-0505f57da4c5" testListId="8c84fa94-04c1-424b-9868-57a2d4851a1d" />
    <TestEntry testId="9220ddc7-5b8e-1cbc-6d5b-2d1bcd2724f4" executionId="dc6f0da0-39d4-4545-8746-22feb2c4cc72" testListId="8c84fa94-04c1-424b-9868-57a2d4851a1d" />
    <TestEntry testId="1dce3c75-b6fd-2de5-b13a-82a00a5cb91a" executionId="cb6134d7-a8f3-4dd0-b752-d891594d9fc8" testListId="8c84fa94-04c1-424b-9868-57a2d4851a1d" />
    <TestEntry testId="7c24d524-c7d9-8d8f-4cd0-26a4f896e605" executionId="3ece2970-b0f8-4777-afb4-2c94b4ac1a3d" testListId="8c84fa94-04c1-424b-9868-57a2d4851a1d" />
    <TestEntry testId="36153bdb-3709-7ff8-d000-552607ae16bb" executionId="7563ba35-5c13-47ae-ae01-518c6a5d34c1" testListId="8c84fa94-04c1-424b-9868-57a2d4851a1d" />
    <TestEntry testId="cc75e82c-44da-2460-a227-5a75535fc3c6" executionId="95798b38-9235-41f6-955b-f414fdb7722b" testListId="8c84fa94-04c1-424b-9868-57a2d4851a1d" />
    <TestEntry testId="db1e101b-8fe6-4799-ba9d-81d3480efd53" executionId="fcf7db26-d826-415b-9c12-5d8aa663ef08" testListId="8c84fa94-04c1-424b-9868-57a2d4851a1d" />
    <TestEntry testId="14cae70a-6bcb-05c4-6c69-a2173ed68881" executionId="574183c2-ea1d-4fd8-8010-1916f236e06b" testListId="8c84fa94-04c1-424b-9868-57a2d4851a1d" />
    <TestEntry testId="9efc4372-34ef-b826-1577-c80e684797ab" executionId="0b3a58f4-0b70-477c-af25-e639a1f24e35" testListId="8c84fa94-04c1-424b-9868-57a2d4851a1d" />
    <TestEntry testId="363e8eb8-a2da-0e35-11dd-915169c1d624" executionId="03127656-86c3-4449-8b50-32fad1c43aa8" testListId="8c84fa94-04c1-424b-9868-57a2d4851a1d" />
    <TestEntry testId="38dd9448-c284-0b0a-c4fa-6e462a7ec7e7" executionId="c41722c4-aff6-4012-8a9c-71a944040cde" testListId="8c84fa94-04c1-424b-9868-57a2d4851a1d" />
    <TestEntry testId="36730831-317e-03e7-c746-4289b33182ee" executionId="1447a53b-0b0c-4d92-8958-a47a3636bd4b" testListId="8c84fa94-04c1-424b-9868-57a2d4851a1d" />
    <TestEntry testId="a790bd43-cc1c-0abc-5c95-189f872471cc" executionId="f7b11a98-f247-4a53-a39e-36e3293b98d3" testListId="8c84fa94-04c1-424b-9868-57a2d4851a1d" />
    <TestEntry testId="4f036011-b656-5f79-3839-4ca634822ac3" executionId="43751147-8938-4d51-9180-fba4bcc92940" testListId="8c84fa94-04c1-424b-9868-57a2d4851a1d" />
    <TestEntry testId="0d7cc330-673e-62f5-1ee4-4482ccff7706" executionId="a1b5aec2-36a5-4693-aba2-9fcbe1aad846" testListId="8c84fa94-04c1-424b-9868-57a2d4851a1d" />
    <TestEntry testId="d056d59a-ffac-e521-bdd2-cf8bb739000e" executionId="2fb007b0-c115-44bb-bd6d-dd66e93f371d" testListId="8c84fa94-04c1-424b-9868-57a2d4851a1d" />
    <TestEntry testId="32f9df44-67b5-67da-2208-c18005a18082" executionId="6c2a6874-ed68-4347-bee6-ca4ba691344a" testListId="8c84fa94-04c1-424b-9868-57a2d4851a1d" />
    <TestEntry testId="a6532d20-ac01-ce46-a01e-f4667d3f1a8c" executionId="7b3a4bfd-c47c-4e25-832c-5c143179fa5e" testListId="8c84fa94-04c1-424b-9868-57a2d4851a1d" />
    <TestEntry testId="2a37f9b1-e473-9c8f-d942-aa3acf092cb8" executionId="7ed7b518-a673-40fc-8c78-f3d25763a232" testListId="8c84fa94-04c1-424b-9868-57a2d4851a1d" />
    <TestEntry testId="cbbb4e07-e808-7f29-58e0-7bc3ce82dc23" executionId="c4613407-5f66-4547-916a-bc323a607655" testListId="8c84fa94-04c1-424b-9868-57a2d4851a1d" />
    <TestEntry testId="f0be8371-a3ea-2cda-3567-f5a38f2dce7b" executionId="c4e83ecd-540e-42be-94f1-819bb8021fbc" testListId="8c84fa94-04c1-424b-9868-57a2d4851a1d" />
    <TestEntry testId="ae314031-16e5-ca7b-acd9-f00f466481c5" executionId="813a9035-56e8-4059-b988-d96599e1ab10" testListId="8c84fa94-04c1-424b-9868-57a2d4851a1d" />
    <TestEntry testId="b842690a-4639-823d-1908-8662b06ea425" executionId="8f26d1bf-7415-45be-8ba1-be08da64455b" testListId="8c84fa94-04c1-424b-9868-57a2d4851a1d" />
    <TestEntry testId="2af63369-f455-60d6-1364-e9a1d7eaa316" executionId="9dd95b20-135f-4b4e-a717-5b834d3adce6" testListId="8c84fa94-04c1-424b-9868-57a2d4851a1d" />
    <TestEntry testId="ae0324d7-0901-91e8-eb55-8d9e24be8376" executionId="94e8ca01-87f6-4a27-8b6b-b14e0a3c038c" testListId="8c84fa94-04c1-424b-9868-57a2d4851a1d" />
    <TestEntry testId="6ba59390-91ab-ed5f-eca2-1ae28078fb0e" executionId="0dc4dca0-1a8a-49fc-b867-c42726c9c5b0" testListId="8c84fa94-04c1-424b-9868-57a2d4851a1d" />
    <TestEntry testId="a2132afa-d6a1-5c96-29c9-f881ef7123c5" executionId="4000f1a0-014a-482b-8960-c8cd6113001e" testListId="8c84fa94-04c1-424b-9868-57a2d4851a1d" />
    <TestEntry testId="551baa8e-e18f-9b84-1f6d-0a6bd3c58b27" executionId="ebb6be33-3bbf-4ece-aa43-24eac497f6b7" testListId="8c84fa94-04c1-424b-9868-57a2d4851a1d" />
    <TestEntry testId="a473ee3a-7971-ce34-802d-c4bb5c45e22e" executionId="65d1abe0-58c2-4c18-879f-00ffb03290d7" testListId="8c84fa94-04c1-424b-9868-57a2d4851a1d" />
    <TestEntry testId="56c0b4c9-addd-bb9e-641a-1e6d33cc4b3d" executionId="1d77204e-a970-4854-aad9-7498cdf52314" testListId="8c84fa94-04c1-424b-9868-57a2d4851a1d" />
    <TestEntry testId="be74acb5-0d95-0f29-26ac-8807e61071cf" executionId="9eeea5fa-89a5-4e81-94f4-acc399bcb83d" testListId="8c84fa94-04c1-424b-9868-57a2d4851a1d" />
    <TestEntry testId="98cf9dc0-8757-0c4a-9bdc-2442972c112a" executionId="df8b8307-9e90-49d5-b820-a75219a574b8" testListId="8c84fa94-04c1-424b-9868-57a2d4851a1d" />
    <TestEntry testId="1db54009-3f43-4512-6fd9-13754fe88f95" executionId="4e13dc58-1459-40dc-afc0-b6347f0a02fe" testListId="8c84fa94-04c1-424b-9868-57a2d4851a1d" />
    <TestEntry testId="a64c98cb-6ec0-988a-917c-028be59cd2ac" executionId="5bcc1d6d-f387-4103-8492-a5c1ad612d8d" testListId="8c84fa94-04c1-424b-9868-57a2d4851a1d" />
    <TestEntry testId="7a1acf0e-4f83-6146-6909-f0f90c98342f" executionId="7968a1cd-8525-4ffc-900f-cc8d12ff38eb" testListId="8c84fa94-04c1-424b-9868-57a2d4851a1d" />
    <TestEntry testId="019ecf12-3212-0a4c-7a81-0a3e80030891" executionId="8f9f06a9-ac80-4e9c-81ab-8608e1b82194" testListId="8c84fa94-04c1-424b-9868-57a2d4851a1d" />
    <TestEntry testId="ab13baf1-a0c6-cec8-6ce0-47301406ff67" executionId="095c6f24-b0a0-4694-980d-c7cf96a40c2c" testListId="8c84fa94-04c1-424b-9868-57a2d4851a1d" />
    <TestEntry testId="6e0724a3-b151-e05e-c335-921add22cef5" executionId="2a599148-881f-4bcf-8b58-ecadc0ab47f3" testListId="8c84fa94-04c1-424b-9868-57a2d4851a1d" />
    <TestEntry testId="b2dc5bb8-4a9c-2796-e195-e0169291f3d1" executionId="5a856de1-1fcc-4a8e-9222-47a26844c078" testListId="8c84fa94-04c1-424b-9868-57a2d4851a1d" />
    <TestEntry testId="6564f69a-95b3-8b75-e79c-797428f8888b" executionId="b9ca9558-b747-4b6c-8d41-0668e9c12526" testListId="8c84fa94-04c1-424b-9868-57a2d4851a1d" />
    <TestEntry testId="a3753524-5ee5-e064-3dc1-aa4e7757035d" executionId="d5ef38b8-8638-4467-9e50-12cf854c9ff4" testListId="8c84fa94-04c1-424b-9868-57a2d4851a1d" />
    <TestEntry testId="935ae893-f452-101f-f089-c51c26211252" executionId="dfc67e92-953e-4645-a427-1005ab9454c1" testListId="8c84fa94-04c1-424b-9868-57a2d4851a1d" />
    <TestEntry testId="f2ba63f4-763e-5e6a-374f-0038c8ccd0a4" executionId="73767041-417a-4713-87e9-c831358efd07" testListId="8c84fa94-04c1-424b-9868-57a2d4851a1d" />
    <TestEntry testId="c293935e-7b1a-112b-b0a9-10c28c3e854b" executionId="e27e7bb7-4067-4647-bb43-68a881f22f78" testListId="8c84fa94-04c1-424b-9868-57a2d4851a1d" />
    <TestEntry testId="1cd2a77b-3d08-58f7-1aa5-3a30e7850016" executionId="867e6054-ad4c-40b4-8dbb-495c9d457246" testListId="8c84fa94-04c1-424b-9868-57a2d4851a1d" />
    <TestEntry testId="4b0ad95e-f18c-572a-10b9-30a8d13351a3" executionId="b5e81178-19bc-406f-bb4b-fab409dfc535" testListId="8c84fa94-04c1-424b-9868-57a2d4851a1d" />
    <TestEntry testId="539a8b48-56c5-dd33-f259-de4880e4fe06" executionId="67542b26-6a85-45d2-af34-0bb11c5fcda7" testListId="8c84fa94-04c1-424b-9868-57a2d4851a1d" />
    <TestEntry testId="8b648890-513f-6a48-3f85-275cc4958cb8" executionId="1c51ee99-086d-4006-bfad-7a16fea506e1" testListId="8c84fa94-04c1-424b-9868-57a2d4851a1d" />
    <TestEntry testId="6fb3d501-d765-6089-a98c-5db8a964487a" executionId="3a273236-cb86-4575-b9be-18257f29f9c9" testListId="8c84fa94-04c1-424b-9868-57a2d4851a1d" />
    <TestEntry testId="24caa73c-4bdf-1a06-f510-4da03d516a21" executionId="b9818ee9-0445-40a2-86e5-741b677c17e5" testListId="8c84fa94-04c1-424b-9868-57a2d4851a1d" />
  </TestEntries>
  <TestLists>
    <TestList name="Results Not in a List" id="8c84fa94-04c1-424b-9868-57a2d4851a1d" />
    <TestList name="All Loaded Results" id="19431567-8539-422a-85d7-44ee4e166bda" />
  </TestLists>
  <ResultSummary outcome="Completed">
    <Counters total="490" executed="490" passed="490" failed="0" error="0" timeout="0" aborted="0" inconclusive="0" passedButRunAborted="0" notRunnable="0" notExecuted="0" disconnected="0" warning="0" completed="0" inProgress="0" pending="0" />
    <Output>
      <StdOut>[xUnit.net 00:00:00.00] xUnit.net VSTest Adapter v3.1.5+1b188a7b0a (64-bit .NET 8.0.29)&#xD;
[xUnit.net 00:00:00.16]   Discovering: Arlecchino.Tests&#xD;
[xUnit.net 00:00:00.20]   Discovered:  Arlecchino.Tests&#xD;
[xUnit.net 00:00:00.22]   Starting:    Arlecchino.Tests&#xD;
[xUnit.net 00:00:05.68]   Finished:    Arlecchino.Tests&#xD;
</StdOut>
    </Output>
  </ResultSummary>
</TestRun>